# JRE version: Java(TM) SE Runtime Environment (8.0_72-b15) (build 1.8.0_72-b15)
# Java VM: Java HotSpot(TM) 64-Bit Server VM (25.72-b15 mixed mode linux-amd64 compressed oops)
Heap:
 PSYoungGen      total 465920K, used 11255K [0x00000000d5580000, 0x0000000100000000, 0x0000000100000000)
  eden space 232960K, 0% used [0x00000000d5580000,0x00000000d5580000,0x00000000e3900000)
  from space 232960K, 4% used [0x00000000e3900000,0x00000000e43fdcc0,0x00000000f1c80000)
  to   space 232960K, 0% used [0x00000000f1c80000,0x00000000f1c80000,0x0000000100000000)
 ParOldGen       total 756736K, used 756703K [0x0000000080000000, 0x00000000ae300000, 0x00000000d5580000)
  object space 756736K, 99% used [0x0000000080000000,0x00000000ae2f7de8,0x00000000ae300000)
 Metaspace       used 6763K, capacity 7448K, committed 7680K, reserved 1056768K
  class space    used 627K, capacity 656K, committed 768K, reserved 1048576K
GC Heap History (10 events):
Event: 20,861 GC heap after
Heap after GC invocations=21 (full 4):
 PSYoungGen      total 493056K, used 129132K [0x00000000d5580000, 0x0000000100000000, 0x0000000100000000)
  eden space 309760K, 0% used [0x00000000d5580000,0x00000000d5580000,0x00000000e8400000)
  from space 183296K, 70% used [0x00000000e8400000,0x00000000f021b2b0,0x00000000f3700000)
  to   space 194048K, 0% used [0x00000000f4280000,0x00000000f4280000,0x0000000100000000)
 ParOldGen       total 756736K, used 495837K [0x0000000080000000, 0x00000000ae300000, 0x00000000d5580000)
  object space 756736K, 65% used [0x0000000080000000,0x000000009e437560,0x00000000ae300000)
 Metaspace       used 6630K, capacity 7320K, committed 7680K, reserved 1056768K
  class space    used 619K, capacity 656K, committed 768K, reserved 1048576K
}
Event: 21,498 GC heap before
{Heap before GC invocations=22 (full 4):
 PSYoungGen      total 493056K, used 438892K [0x00000000d5580000, 0x0000000100000000, 0x0000000100000000)
  eden space 309760K, 100% used [0x00000000d5580000,0x00000000e8400000,0x00000000e8400000)
  from space 183296K, 70% used [0x00000000e8400000,0x00000000f021b2b0,0x00000000f3700000)
  to   space 194048K, 0% used [0x00000000f4280000,0x00000000f4280000,0x0000000100000000)
 ParOldGen       total 756736K, used 495837K [0x0000000080000000, 0x00000000ae300000, 0x00000000d5580000)
  object space 756736K, 65% used [0x0000000080000000,0x000000009e437560,0x00000000ae300000)
 Metaspace       used 6631K, capacity 7320K, committed 7680K, reserved 1056768K
  class space    used 619K, capacity 656K, committed 768K, reserved 1048576K
Event: 21,691 GC heap after
Heap after GC invocations=22 (full 4):
 PSYoungGen      total 460800K, used 166578K [0x00000000d5580000, 0x0000000100000000, 0x0000000100000000)
  eden space 266752K, 0% used [0x00000000d5580000,0x00000000d5580000,0x00000000e5a00000)
  from space 194048K, 85% used [0x00000000f4280000,0x00000000fe52c970,0x0000000100000000)
  to   space 216064K, 0% used [0x00000000e5a00000,0x00000000e5a00000,0x00000000f2d00000)
 ParOldGen       total 756736K, used 495837K [0x0000000080000000, 0x00000000ae300000, 0x00000000d5580000)
  object space 756736K, 65% used [0x0000000080000000,0x000000009e437560,0x00000000ae300000)
 Metaspace       used 6631K, capacity 7320K, committed 7680K, reserved 1056768K
  class space    used 619K, capacity 656K, committed 768K, reserved 1048576K
}
Event: 22,344 GC heap before
{Heap before GC invocations=23 (full 4):
 PSYoungGen      total 460800K, used 433330K [0x00000000d5580000, 0x0000000100000000, 0x0000000100000000)
  eden space 266752K, 100% used [0x00000000d5580000,0x00000000e5a00000,0x00000000e5a00000)
  from space 194048K, 85% used [0x00000000f4280000,0x00000000fe52c970,0x0000000100000000)
  to   space 216064K, 0% used [0x00000000e5a00000,0x00000000e5a00000,0x00000000f2d00000)
 ParOldGen       total 756736K, used 495837K [0x0000000080000000, 0x00000000ae300000, 0x00000000d5580000)
  object space 756736K, 65% used [0x0000000080000000,0x000000009e437560,0x00000000ae300000)
 Metaspace       used 6631K, capacity 7320K, committed 7680K, reserved 1056768K
  class space    used 619K, capacity 656K, committed 768K, reserved 1048576K
Event: 22,519 GC heap after
Heap after GC invocations=23 (full 4):
 PSYoungGen      total 473600K, used 206641K [0x00000000d5580000, 0x0000000100000000, 0x0000000100000000)
  eden space 266752K, 0% used [0x00000000d5580000,0x00000000d5580000,0x00000000e5a00000)
  from space 206848K, 99% used [0x00000000e5a00000,0x00000000f23cc4e8,0x00000000f2400000)
  to   space 225280K, 0% used [0x00000000f2400000,0x00000000f2400000,0x0000000100000000)
 ParOldGen       total 756736K, used 495837K [0x0000000080000000, 0x00000000ae300000, 0x00000000d5580000)
  object space 756736K, 65% used [0x0000000080000000,0x000000009e437560,0x00000000ae300000)
 Metaspace       used 6631K, capacity 7320K, committed 7680K, reserved 1056768K
  class space    used 619K, capacity 656K, committed 768K, reserved 1048576K
}
Event: 23,298 GC heap before
{Heap before GC invocations=24 (full 4):
 PSYoungGen      total 473600K, used 473393K [0x00000000d5580000, 0x0000000100000000, 0x0000000100000000)
  eden space 266752K, 100% used [0x00000000d5580000,0x00000000e5a00000,0x00000000e5a00000)
  from space 206848K, 99% used [0x00000000e5a00000,0x00000000f23cc4e8,0x00000000f2400000)
  to   space 225280K, 0% used [0x00000000f2400000,0x00000000f2400000,0x0000000100000000)
 ParOldGen       total 756736K, used 495837K [0x0000000080000000, 0x00000000ae300000, 0x00000000d5580000)
  object space 756736K, 65% used [0x0000000080000000,0x000000009e437560,0x00000000ae300000)
 Metaspace       used 6710K, capacity 7384K, committed 7680K, reserved 1056768K
  class space    used 625K, capacity 656K, committed 768K, reserved 1048576K
Event: 23,561 GC heap after
Heap after GC invocations=24 (full 4):
 PSYoungGen      total 458240K, used 168868K [0x00000000d5580000, 0x0000000100000000, 0x0000000100000000)
  eden space 232960K, 0% used [0x00000000d5580000,0x00000000d5580000,0x00000000e3900000)
  from space 225280K, 74% used [0x00000000f2400000,0x00000000fc8e9100,0x0000000100000000)
  to   space 232960K, 0% used [0x00000000e3900000,0x00000000e3900000,0x00000000f1c80000)
 ParOldGen       total 756736K, used 575180K [0x0000000080000000, 0x00000000ae300000, 0x00000000d5580000)
  object space 756736K, 76% used [0x0000000080000000,0x00000000a31b3148,0x00000000ae300000)
 Metaspace       used 6710K, capacity 7384K, committed 7680K, reserved 1056768K
  class space    used 625K, capacity 656K, committed 768K, reserved 1048576K
}
Event: 24,300 GC heap before
{Heap before GC invocations=25 (full 4):
 PSYoungGen      total 458240K, used 401828K [0x00000000d5580000, 0x0000000100000000, 0x0000000100000000)
  eden space 232960K, 100% used [0x00000000d5580000,0x00000000e3900000,0x00000000e3900000)
  from space 225280K, 74% used [0x00000000f2400000,0x00000000fc8e9100,0x0000000100000000)
  to   space 232960K, 0% used [0x00000000e3900000,0x00000000e3900000,0x00000000f1c80000)
 ParOldGen       total 756736K, used 575180K [0x0000000080000000, 0x00000000ae300000, 0x00000000d5580000)
  object space 756736K, 76% used [0x0000000080000000,0x00000000a31b3148,0x00000000ae300000)
 Metaspace       used 6763K, capacity 7448K, committed 7680K, reserved 1056768K
  class space    used 627K, capacity 656K, committed 768K, reserved 1048576K
Event: 24,529 GC heap after
Heap after GC invocations=25 (full 4):
 PSYoungGen      total 465920K, used 119091K [0x00000000d5580000, 0x0000000100000000, 0x0000000100000000)
  eden space 232960K, 0% used [0x00000000d5580000,0x00000000d5580000,0x00000000e3900000)
  from space 232960K, 51% used [0x00000000e3900000,0x00000000ead4cdf0,0x00000000f1c80000)
  to   space 232960K, 0% used [0x00000000f1c80000,0x00000000f1c80000,0x0000000100000000)
 ParOldGen       total 756736K, used 660598K [0x0000000080000000, 0x00000000ae300000, 0x00000000d5580000)
  object space 756736K, 87% used [0x0000000080000000,0x00000000a851db70,0x00000000ae300000)
 Metaspace       used 6763K, capacity 7448K, committed 7680K, reserved 1056768K
  class space    used 627K, capacity 656K, committed 768K, reserved 1048576K
}
Event: 24,529 GC heap before
{Heap before GC invocations=26 (full 5):
 PSYoungGen      total 465920K, used 119091K [0x00000000d5580000, 0x0000000100000000, 0x0000000100000000)
  eden space 232960K, 0% used [0x00000000d5580000,0x00000000d5580000,0x00000000e3900000)
  from space 232960K, 51% used [0x00000000e3900000,0x00000000ead4cdf0,0x00000000f1c80000)
  to   space 232960K, 0% used [0x00000000f1c80000,0x00000000f1c80000,0x0000000100000000)
 ParOldGen       total 756736K, used 660598K [0x0000000080000000, 0x00000000ae300000, 0x00000000d5580000)
  object space 756736K, 87% used [0x0000000080000000,0x00000000a851db70,0x00000000ae300000)
 Metaspace       used 6763K, capacity 7448K, committed 7680K, reserved 1056768K
  class space    used 627K, capacity 656K, committed 768K, reserved 1048576K

