# JRE version: Java(TM) SE Runtime Environment (8.0_72-b15) (build 1.8.0_72-b15)
# Java VM: Java HotSpot(TM) 64-Bit Server VM (25.72-b15 mixed mode linux-amd64 compressed oops)
Heap:
 PSYoungGen      total 465920K, used 22507K [0x00000000d5580000, 0x0000000100000000, 0x0000000100000000)
  eden space 232960K, 0% used [0x00000000d5580000,0x00000000d5580000,0x00000000e3900000)
  from space 232960K, 9% used [0x00000000e3900000,0x00000000e4efaf50,0x00000000f1c80000)
  to   space 232960K, 0% used [0x00000000f1c80000,0x00000000f1c80000,0x0000000100000000)
 ParOldGen       total 681984K, used 681713K [0x0000000080000000, 0x00000000a9a00000, 0x00000000d5580000)
  object space 681984K, 99% used [0x0000000080000000,0x00000000a99bc628,0x00000000a9a00000)
 Metaspace       used 6616K, capacity 7320K, committed 7680K, reserved 1056768K
  class space    used 619K, capacity 656K, committed 768K, reserved 1048576K
GC Heap History (10 events):
Event: 22,975 GC heap after
Heap after GC invocations=19 (full 4):
 PSYoungGen      total 526848K, used 93102K [0x00000000d5580000, 0x0000000100000000, 0x0000000100000000)
  eden space 354816K, 0% used [0x00000000d5580000,0x00000000d5580000,0x00000000eb000000)
  from space 172032K, 54% used [0x00000000eb000000,0x00000000f0aeb8c0,0x00000000f5800000)
  to   space 172032K, 0% used [0x00000000f5800000,0x00000000f5800000,0x0000000100000000)
 ParOldGen       total 681984K, used 446399K [0x0000000080000000, 0x00000000a9a00000, 0x00000000d5580000)
  object space 681984K, 65% used [0x0000000080000000,0x000000009b3efdf0,0x00000000a9a00000)
 Metaspace       used 6606K, capacity 7320K, committed 7680K, reserved 1056768K
  class space    used 618K, capacity 656K, committed 768K, reserved 1048576K
}
Event: 24,103 GC heap before
{Heap before GC invocations=20 (full 4):
 PSYoungGen      total 526848K, used 447918K [0x00000000d5580000, 0x0000000100000000, 0x0000000100000000)
  eden space 354816K, 100% used [0x00000000d5580000,0x00000000eb000000,0x00000000eb000000)
  from space 172032K, 54% used [0x00000000eb000000,0x00000000f0aeb8c0,0x00000000f5800000)
  to   space 172032K, 0% used [0x00000000f5800000,0x00000000f5800000,0x0000000100000000)
 ParOldGen       total 681984K, used 446401K [0x0000000080000000, 0x00000000a9a00000, 0x00000000d5580000)
  object space 681984K, 65% used [0x0000000080000000,0x000000009b3f0510,0x00000000a9a00000)
 Metaspace       used 6611K, capacity 7320K, committed 7680K, reserved 1056768K
  class space    used 619K, capacity 656K, committed 768K, reserved 1048576K
Event: 24,278 GC heap after
Heap after GC invocations=20 (full 4):
 PSYoungGen      total 492032K, used 142264K [0x00000000d5580000, 0x0000000100000000, 0x0000000100000000)
  eden space 320000K, 0% used [0x00000000d5580000,0x00000000d5580000,0x00000000e8e00000)
  from space 172032K, 82% used [0x00000000f5800000,0x00000000fe2ee120,0x0000000100000000)
  to   space 189440K, 0% used [0x00000000e8e00000,0x00000000e8e00000,0x00000000f4700000)
 ParOldGen       total 681984K, used 446401K [0x0000000080000000, 0x00000000a9a00000, 0x00000000d5580000)
  object space 681984K, 65% used [0x0000000080000000,0x000000009b3f0510,0x00000000a9a00000)
 Metaspace       used 6611K, capacity 7320K, committed 7680K, reserved 1056768K
  class space    used 619K, capacity 656K, committed 768K, reserved 1048576K
}
Event: 25,243 GC heap before
{Heap before GC invocations=21 (full 4):
 PSYoungGen      total 492032K, used 462264K [0x00000000d5580000, 0x0000000100000000, 0x0000000100000000)
  eden space 320000K, 100% used [0x00000000d5580000,0x00000000e8e00000,0x00000000e8e00000)
  from space 172032K, 82% used [0x00000000f5800000,0x00000000fe2ee120,0x0000000100000000)
  to   space 189440K, 0% used [0x00000000e8e00000,0x00000000e8e00000,0x00000000f4700000)
 ParOldGen       total 681984K, used 446401K [0x0000000080000000, 0x00000000a9a00000, 0x00000000d5580000)
  object space 681984K, 65% used [0x0000000080000000,0x000000009b3f0510,0x00000000a9a00000)
 Metaspace       used 6615K, capacity 7320K, committed 7680K, reserved 1056768K
  class space    used 619K, capacity 656K, committed 768K, reserved 1048576K
Event: 25,448 GC heap after
Heap after GC invocations=21 (full 4):
 PSYoungGen      total 509440K, used 189425K [0x00000000d5580000, 0x0000000100000000, 0x0000000100000000)
  eden space 320000K, 0% used [0x00000000d5580000,0x00000000d5580000,0x00000000e8e00000)
  from space 189440K, 99% used [0x00000000e8e00000,0x00000000f46fc588,0x00000000f4700000)
  to   space 189440K, 0% used [0x00000000f4700000,0x00000000f4700000,0x0000000100000000)
 ParOldGen       total 681984K, used 446692K [0x0000000080000000, 0x00000000a9a00000, 0x00000000d5580000)
  object space 681984K, 65% used [0x0000000080000000,0x000000009b439080,0x00000000a9a00000)
 Metaspace       used 6615K, capacity 7320K, committed 7680K, reserved 1056768K
  class space    used 619K, capacity 656K, committed 768K, reserved 1048576K
}
Event: 26,206 GC heap before
{Heap before GC invocations=22 (full 4):
 PSYoungGen      total 509440K, used 509425K [0x00000000d5580000, 0x0000000100000000, 0x0000000100000000)
  eden space 320000K, 100% used [0x00000000d5580000,0x00000000e8e00000,0x00000000e8e00000)
  from space 189440K, 99% used [0x00000000e8e00000,0x00000000f46fc588,0x00000000f4700000)
  to   space 189440K, 0% used [0x00000000f4700000,0x00000000f4700000,0x0000000100000000)
 ParOldGen       total 681984K, used 446692K [0x0000000080000000, 0x00000000a9a00000, 0x00000000d5580000)
  object space 681984K, 65% used [0x0000000080000000,0x000000009b439080,0x00000000a9a00000)
 Metaspace       used 6615K, capacity 7320K, committed 7680K, reserved 1056768K
  class space    used 619K, capacity 656K, committed 768K, reserved 1048576K
Event: 26,484 GC heap after
Heap after GC invocations=22 (full 4):
 PSYoungGen      total 422400K, used 186686K [0x00000000d5580000, 0x0000000100000000, 0x0000000100000000)
  eden space 232960K, 0% used [0x00000000d5580000,0x00000000d5580000,0x00000000e3900000)
  from space 189440K, 98% used [0x00000000f4700000,0x00000000ffd4f838,0x0000000100000000)
  to   space 232960K, 0% used [0x00000000e3900000,0x00000000e3900000,0x00000000f1c80000)
 ParOldGen       total 681984K, used 489011K [0x0000000080000000, 0x00000000a9a00000, 0x00000000d5580000)
  object space 681984K, 71% used [0x0000000080000000,0x000000009dd8cc98,0x00000000a9a00000)
 Metaspace       used 6615K, capacity 7320K, committed 7680K, reserved 1056768K
  class space    used 619K, capacity 656K, committed 768K, reserved 1048576K
}
Event: 27,147 GC heap before
{Heap before GC invocations=23 (full 4):
 PSYoungGen      total 422400K, used 419646K [0x00000000d5580000, 0x0000000100000000, 0x0000000100000000)
  eden space 232960K, 100% used [0x00000000d5580000,0x00000000e3900000,0x00000000e3900000)
  from space 189440K, 98% used [0x00000000f4700000,0x00000000ffd4f838,0x0000000100000000)
  to   space 232960K, 0% used [0x00000000e3900000,0x00000000e3900000,0x00000000f1c80000)
 ParOldGen       total 681984K, used 489011K [0x0000000080000000, 0x00000000a9a00000, 0x00000000d5580000)
  object space 681984K, 71% used [0x0000000080000000,0x000000009dd8cc98,0x00000000a9a00000)
 Metaspace       used 6616K, capacity 7320K, committed 7680K, reserved 1056768K
  class space    used 619K, capacity 656K, committed 768K, reserved 1048576K
Event: 27,596 GC heap after
Heap after GC invocations=23 (full 4):
 PSYoungGen      total 465920K, used 123132K [0x00000000d5580000, 0x0000000100000000, 0x0000000100000000)
  eden space 232960K, 0% used [0x00000000d5580000,0x00000000d5580000,0x00000000e3900000)
  from space 232960K, 52% used [0x00000000e3900000,0x00000000eb13f048,0x00000000f1c80000)
  to   space 232960K, 0% used [0x00000000f1c80000,0x00000000f1c80000,0x0000000100000000)
 ParOldGen       total 681984K, used 587475K [0x0000000080000000, 0x00000000a9a00000, 0x00000000d5580000)
  object space 681984K, 86% used [0x0000000080000000,0x00000000a3db4d58,0x00000000a9a00000)
 Metaspace       used 6616K, capacity 7320K, committed 7680K, reserved 1056768K
  class space    used 619K, capacity 656K, committed 768K, reserved 1048576K
}
Event: 27,596 GC heap before
{Heap before GC invocations=24 (full 5):
 PSYoungGen      total 465920K, used 123132K [0x00000000d5580000, 0x0000000100000000, 0x0000000100000000)
  eden space 232960K, 0% used [0x00000000d5580000,0x00000000d5580000,0x00000000e3900000)
  from space 232960K, 52% used [0x00000000e3900000,0x00000000eb13f048,0x00000000f1c80000)
  to   space 232960K, 0% used [0x00000000f1c80000,0x00000000f1c80000,0x0000000100000000)
 ParOldGen       total 681984K, used 587475K [0x0000000080000000, 0x00000000a9a00000, 0x00000000d5580000)
  object space 681984K, 86% used [0x0000000080000000,0x00000000a3db4d58,0x00000000a9a00000)
 Metaspace       used 6616K, capacity 7320K, committed 7680K, reserved 1056768K
  class space    used 619K, capacity 656K, committed 768K, reserved 1048576K

