# JRE version: Java(TM) SE Runtime Environment (8.0_72-b15) (build 1.8.0_72-b15)
# Java VM: Java HotSpot(TM) 64-Bit Server VM (25.72-b15 mixed mode linux-amd64 compressed oops)
Heap:
 PSYoungGen      total 465920K, used 3264K [0x00000000d5580000, 0x0000000100000000, 0x0000000100000000)
  eden space 232960K, 0% used [0x00000000d5580000,0x00000000d5580000,0x00000000e3900000)
  from space 232960K, 1% used [0x00000000e3900000,0x00000000e3c30058,0x00000000f1c80000)
  to   space 232960K, 0% used [0x00000000f1c80000,0x00000000f1c80000,0x0000000100000000)
 ParOldGen       total 776192K, used 775853K [0x0000000080000000, 0x00000000af600000, 0x00000000d5580000)
  object space 776192K, 99% used [0x0000000080000000,0x00000000af5ab428,0x00000000af600000)
 Metaspace       used 6765K, capacity 7448K, committed 7680K, reserved 1056768K
  class space    used 628K, capacity 656K, committed 768K, reserved 1048576K
GC Heap History (10 events):
Event: 23,114 GC heap after
Heap after GC invocations=21 (full 4):
 PSYoungGen      total 446464K, used 131072K [0x00000000d5580000, 0x0000000100000000, 0x0000000100000000)
  eden space 314880K, 0% used [0x00000000d5580000,0x00000000d5580000,0x00000000e8900000)
  from space 131584K, 99% used [0x00000000e8900000,0x00000000f0900360,0x00000000f0980000)
  to   space 201216K, 0% used [0x00000000f3b80000,0x00000000f3b80000,0x0000000100000000)
 ParOldGen       total 776192K, used 505472K [0x0000000080000000, 0x00000000af600000, 0x00000000d5580000)
  object space 776192K, 65% used [0x0000000080000000,0x000000009eda03d8,0x00000000af600000)
 Metaspace       used 6635K, capacity 7320K, committed 7680K, reserved 1056768K
  class space    used 620K, capacity 656K, committed 768K, reserved 1048576K
}
Event: 23,875 GC heap before
{Heap before GC invocations=22 (full 4):
 PSYoungGen      total 446464K, used 445952K [0x00000000d5580000, 0x0000000100000000, 0x0000000100000000)
  eden space 314880K, 100% used [0x00000000d5580000,0x00000000e8900000,0x00000000e8900000)
  from space 131584K, 99% used [0x00000000e8900000,0x00000000f0900360,0x00000000f0980000)
  to   space 201216K, 0% used [0x00000000f3b80000,0x00000000f3b80000,0x0000000100000000)
 ParOldGen       total 776192K, used 505472K [0x0000000080000000, 0x00000000af600000, 0x00000000d5580000)
  object space 776192K, 65% used [0x0000000080000000,0x000000009eda03d8,0x00000000af600000)
 Metaspace       used 6635K, capacity 7320K, committed 7680K, reserved 1056768K
  class space    used 620K, capacity 656K, committed 768K, reserved 1048576K
Event: 24,079 GC heap after
Heap after GC invocations=22 (full 4):
 PSYoungGen      total 455680K, used 171316K [0x00000000d5580000, 0x0000000100000000, 0x0000000100000000)
  eden space 254464K, 0% used [0x00000000d5580000,0x00000000d5580000,0x00000000e4e00000)
  from space 201216K, 85% used [0x00000000f3b80000,0x00000000fe2cd140,0x0000000100000000)
  to   space 222208K, 0% used [0x00000000e4e00000,0x00000000e4e00000,0x00000000f2700000)
 ParOldGen       total 776192K, used 505472K [0x0000000080000000, 0x00000000af600000, 0x00000000d5580000)
  object space 776192K, 65% used [0x0000000080000000,0x000000009eda03d8,0x00000000af600000)
 Metaspace       used 6635K, capacity 7320K, committed 7680K, reserved 1056768K
  class space    used 620K, capacity 656K, committed 768K, reserved 1048576K
}
Event: 24,646 GC heap before
{Heap before GC invocations=23 (full 4):
 PSYoungGen      total 455680K, used 425780K [0x00000000d5580000, 0x0000000100000000, 0x0000000100000000)
  eden space 254464K, 100% used [0x00000000d5580000,0x00000000e4e00000,0x00000000e4e00000)
  from space 201216K, 85% used [0x00000000f3b80000,0x00000000fe2cd140,0x0000000100000000)
  to   space 222208K, 0% used [0x00000000e4e00000,0x00000000e4e00000,0x00000000f2700000)
 ParOldGen       total 776192K, used 505472K [0x0000000080000000, 0x00000000af600000, 0x00000000d5580000)
  object space 776192K, 65% used [0x0000000080000000,0x000000009eda03d8,0x00000000af600000)
 Metaspace       used 6636K, capacity 7320K, committed 7680K, reserved 1056768K
  class space    used 620K, capacity 656K, committed 768K, reserved 1048576K
Event: 24,920 GC heap after
Heap after GC invocations=23 (full 4):
 PSYoungGen      total 462848K, used 208272K [0x00000000d5580000, 0x0000000100000000, 0x0000000100000000)
  eden space 254464K, 0% used [0x00000000d5580000,0x00000000d5580000,0x00000000e4e00000)
  from space 208384K, 99% used [0x00000000e4e00000,0x00000000f1964078,0x00000000f1980000)
  to   space 232960K, 0% used [0x00000000f1c80000,0x00000000f1c80000,0x0000000100000000)
 ParOldGen       total 776192K, used 505472K [0x0000000080000000, 0x00000000af600000, 0x00000000d5580000)
  object space 776192K, 65% used [0x0000000080000000,0x000000009eda03d8,0x00000000af600000)
 Metaspace       used 6636K, capacity 7320K, committed 7680K, reserved 1056768K
  class space    used 620K, capacity 656K, committed 768K, reserved 1048576K
}
Event: 25,631 GC heap before
{Heap before GC invocations=24 (full 4):
 PSYoungGen      total 462848K, used 462736K [0x00000000d5580000, 0x0000000100000000, 0x0000000100000000)
  eden space 254464K, 100% used [0x00000000d5580000,0x00000000e4e00000,0x00000000e4e00000)
  from space 208384K, 99% used [0x00000000e4e00000,0x00000000f1964078,0x00000000f1980000)
  to   space 232960K, 0% used [0x00000000f1c80000,0x00000000f1c80000,0x0000000100000000)
 ParOldGen       total 776192K, used 505472K [0x0000000080000000, 0x00000000af600000, 0x00000000d5580000)
  object space 776192K, 65% used [0x0000000080000000,0x000000009eda03d8,0x00000000af600000)
 Metaspace       used 6737K, capacity 7384K, committed 7680K, reserved 1056768K
  class space    used 626K, capacity 656K, committed 768K, reserved 1048576K
Event: 26,094 GC heap after
Heap after GC invocations=24 (full 4):
 PSYoungGen      total 465920K, used 161634K [0x00000000d5580000, 0x0000000100000000, 0x0000000100000000)
  eden space 232960K, 0% used [0x00000000d5580000,0x00000000d5580000,0x00000000e3900000)
  from space 232960K, 69% used [0x00000000f1c80000,0x00000000fba588f8,0x0000000100000000)
  to   space 232960K, 0% used [0x00000000e3900000,0x00000000e3900000,0x00000000f1c80000)
 ParOldGen       total 776192K, used 590795K [0x0000000080000000, 0x00000000af600000, 0x00000000d5580000)
  object space 776192K, 76% used [0x0000000080000000,0x00000000a40f2d08,0x00000000af600000)
 Metaspace       used 6737K, capacity 7384K, committed 7680K, reserved 1056768K
  class space    used 626K, capacity 656K, committed 768K, reserved 1048576K
}
Event: 27,054 GC heap before
{Heap before GC invocations=25 (full 4):
 PSYoungGen      total 465920K, used 394594K [0x00000000d5580000, 0x0000000100000000, 0x0000000100000000)
  eden space 232960K, 100% used [0x00000000d5580000,0x00000000e3900000,0x00000000e3900000)
  from space 232960K, 69% used [0x00000000f1c80000,0x00000000fba588f8,0x0000000100000000)
  to   space 232960K, 0% used [0x00000000e3900000,0x00000000e3900000,0x00000000f1c80000)
 ParOldGen       total 776192K, used 590795K [0x0000000080000000, 0x00000000af600000, 0x00000000d5580000)
  object space 776192K, 76% used [0x0000000080000000,0x00000000a40f2d08,0x00000000af600000)
 Metaspace       used 6765K, capacity 7448K, committed 7680K, reserved 1056768K
  class space    used 628K, capacity 656K, committed 768K, reserved 1048576K
Event: 27,554 GC heap after
Heap after GC invocations=25 (full 4):
 PSYoungGen      total 465920K, used 113571K [0x00000000d5580000, 0x0000000100000000, 0x0000000100000000)
  eden space 232960K, 0% used [0x00000000d5580000,0x00000000d5580000,0x00000000e3900000)
  from space 232960K, 48% used [0x00000000e3900000,0x00000000ea7e8ed0,0x00000000f1c80000)
  to   space 232960K, 0% used [0x00000000f1c80000,0x00000000f1c80000,0x0000000100000000)
 ParOldGen       total 776192K, used 674744K [0x0000000080000000, 0x00000000af600000, 0x00000000d5580000)
  object space 776192K, 86% used [0x0000000080000000,0x00000000a92ee030,0x00000000af600000)
 Metaspace       used 6765K, capacity 7448K, committed 7680K, reserved 1056768K
  class space    used 628K, capacity 656K, committed 768K, reserved 1048576K
}
Event: 27,554 GC heap before
{Heap before GC invocations=26 (full 5):
 PSYoungGen      total 465920K, used 113571K [0x00000000d5580000, 0x0000000100000000, 0x0000000100000000)
  eden space 232960K, 0% used [0x00000000d5580000,0x00000000d5580000,0x00000000e3900000)
  from space 232960K, 48% used [0x00000000e3900000,0x00000000ea7e8ed0,0x00000000f1c80000)
  to   space 232960K, 0% used [0x00000000f1c80000,0x00000000f1c80000,0x0000000100000000)
 ParOldGen       total 776192K, used 674744K [0x0000000080000000, 0x00000000af600000, 0x00000000d5580000)
  object space 776192K, 86% used [0x0000000080000000,0x00000000a92ee030,0x00000000af600000)
 Metaspace       used 6765K, capacity 7448K, committed 7680K, reserved 1056768K
  class space    used 628K, capacity 656K, committed 768K, reserved 1048576K

