# JRE version: Java(TM) SE Runtime Environment (8.0_72-b15) (build 1.8.0_72-b15)
# Java VM: Java HotSpot(TM) 64-Bit Server VM (25.72-b15 mixed mode linux-amd64 compressed oops)
Heap:
 PSYoungGen      total 334848K, used 8991K [0x00000000d5580000, 0x00000000ff300000, 0x0000000100000000)
  eden space 232960K, 0% used [0x00000000d5580000,0x00000000d5580000,0x00000000e3900000)
  from space 101888K, 8% used [0x00000000e3900000,0x00000000e41c7d60,0x00000000e9c80000)
  to   space 225280K, 0% used [0x00000000f1700000,0x00000000f1700000,0x00000000ff300000)
 ParOldGen       total 752640K, used 752146K [0x0000000080000000, 0x00000000adf00000, 0x00000000d5580000)
  object space 752640K, 99% used [0x0000000080000000,0x00000000ade84830,0x00000000adf00000)
 Metaspace       used 6728K, capacity 7384K, committed 7680K, reserved 1056768K
  class space    used 625K, capacity 656K, committed 768K, reserved 1048576K
GC Heap History (10 events):
Event: 22,566 GC heap after
Heap after GC invocations=21 (full 4):
 PSYoungGen      total 442368K, used 142618K [0x00000000d5580000, 0x0000000100000000, 0x0000000100000000)
  eden space 299520K, 0% used [0x00000000d5580000,0x00000000d5580000,0x00000000e7a00000)
  from space 142848K, 99% used [0x00000000e7a00000,0x00000000f05469e0,0x00000000f0580000)
  to   space 211456K, 0% used [0x00000000f3180000,0x00000000f3180000,0x0000000100000000)
 ParOldGen       total 752640K, used 490052K [0x0000000080000000, 0x00000000adf00000, 0x00000000d5580000)
  object space 752640K, 65% used [0x0000000080000000,0x000000009de91220,0x00000000adf00000)
 Metaspace       used 6628K, capacity 7320K, committed 7680K, reserved 1056768K
  class space    used 620K, capacity 656K, committed 768K, reserved 1048576K
}
Event: 23,273 GC heap before
{Heap before GC invocations=22 (full 4):
 PSYoungGen      total 442368K, used 442138K [0x00000000d5580000, 0x0000000100000000, 0x0000000100000000)
  eden space 299520K, 100% used [0x00000000d5580000,0x00000000e7a00000,0x00000000e7a00000)
  from space 142848K, 99% used [0x00000000e7a00000,0x00000000f05469e0,0x00000000f0580000)
  to   space 211456K, 0% used [0x00000000f3180000,0x00000000f3180000,0x0000000100000000)
 ParOldGen       total 752640K, used 490052K [0x0000000080000000, 0x00000000adf00000, 0x00000000d5580000)
  object space 752640K, 65% used [0x0000000080000000,0x000000009de91220,0x00000000adf00000)
 Metaspace       used 6629K, capacity 7320K, committed 7680K, reserved 1056768K
  class space    used 620K, capacity 656K, committed 768K, reserved 1048576K
Event: 23,525 GC heap after
Heap after GC invocations=22 (full 4):
 PSYoungGen      total 444416K, used 183801K [0x00000000d5580000, 0x0000000100000000, 0x0000000100000000)
  eden space 232960K, 0% used [0x00000000d5580000,0x00000000d5580000,0x00000000e3900000)
  from space 211456K, 86% used [0x00000000f3180000,0x00000000fe4fe4e0,0x0000000100000000)
  to   space 232960K, 0% used [0x00000000e3900000,0x00000000e3900000,0x00000000f1c80000)
 ParOldGen       total 752640K, used 490052K [0x0000000080000000, 0x00000000adf00000, 0x00000000d5580000)
  object space 752640K, 65% used [0x0000000080000000,0x000000009de91220,0x00000000adf00000)
 Metaspace       used 6629K, capacity 7320K, committed 7680K, reserved 1056768K
  class space    used 620K, capacity 656K, committed 768K, reserved 1048576K
}
Event: 24,648 GC heap before
{Heap before GC invocations=23 (full 4):
 PSYoungGen      total 444416K, used 416761K [0x00000000d5580000, 0x0000000100000000, 0x0000000100000000)
  eden space 232960K, 100% used [0x00000000d5580000,0x00000000e3900000,0x00000000e3900000)
  from space 211456K, 86% used [0x00000000f3180000,0x00000000fe4fe4e0,0x0000000100000000)
  to   space 232960K, 0% used [0x00000000e3900000,0x00000000e3900000,0x00000000f1c80000)
 ParOldGen       total 752640K, used 490052K [0x0000000080000000, 0x00000000adf00000, 0x00000000d5580000)
  object space 752640K, 65% used [0x0000000080000000,0x000000009de91220,0x00000000adf00000)
 Metaspace       used 6629K, capacity 7320K, committed 7680K, reserved 1056768K
  class space    used 620K, capacity 656K, committed 768K, reserved 1048576K
Event: 25,109 GC heap after
Heap after GC invocations=23 (full 4):
 PSYoungGen      total 465920K, used 119566K [0x00000000d5580000, 0x0000000100000000, 0x0000000100000000)
  eden space 232960K, 0% used [0x00000000d5580000,0x00000000d5580000,0x00000000e3900000)
  from space 232960K, 51% used [0x00000000e3900000,0x00000000eadc3b10,0x00000000f1c80000)
  to   space 230912K, 0% used [0x00000000f1e80000,0x00000000f1e80000,0x0000000100000000)
 ParOldGen       total 752640K, used 581861K [0x0000000080000000, 0x00000000adf00000, 0x00000000d5580000)
  object space 752640K, 77% used [0x0000000080000000,0x00000000a38396e0,0x00000000adf00000)
 Metaspace       used 6629K, capacity 7320K, committed 7680K, reserved 1056768K
  class space    used 620K, capacity 656K, committed 768K, reserved 1048576K
}
Event: 25,745 GC heap before
{Heap before GC invocations=24 (full 4):
 PSYoungGen      total 465920K, used 352526K [0x00000000d5580000, 0x0000000100000000, 0x0000000100000000)
  eden space 232960K, 100% used [0x00000000d5580000,0x00000000e3900000,0x00000000e3900000)
  from space 232960K, 51% used [0x00000000e3900000,0x00000000eadc3b10,0x00000000f1c80000)
  to   space 230912K, 0% used [0x00000000f1e80000,0x00000000f1e80000,0x0000000100000000)
 ParOldGen       total 752640K, used 581861K [0x0000000080000000, 0x00000000adf00000, 0x00000000d5580000)
  object space 752640K, 77% used [0x0000000080000000,0x00000000a38396e0,0x00000000adf00000)
 Metaspace       used 6630K, capacity 7320K, committed 7680K, reserved 1056768K
  class space    used 620K, capacity 656K, committed 768K, reserved 1048576K
Event: 25,887 GC heap after
Heap after GC invocations=24 (full 4):
 PSYoungGen      total 463872K, used 154562K [0x00000000d5580000, 0x0000000100000000, 0x0000000100000000)
  eden space 232960K, 0% used [0x00000000d5580000,0x00000000d5580000,0x00000000e3900000)
  from space 230912K, 66% used [0x00000000f1e80000,0x00000000fb570938,0x0000000100000000)
  to   space 232960K, 0% used [0x00000000e3900000,0x00000000e3900000,0x00000000f1c80000)
 ParOldGen       total 752640K, used 581861K [0x0000000080000000, 0x00000000adf00000, 0x00000000d5580000)
  object space 752640K, 77% used [0x0000000080000000,0x00000000a38396e0,0x00000000adf00000)
 Metaspace       used 6630K, capacity 7320K, committed 7680K, reserved 1056768K
  class space    used 620K, capacity 656K, committed 768K, reserved 1048576K
}
Event: 26,558 GC heap before
{Heap before GC invocations=25 (full 4):
 PSYoungGen      total 463872K, used 387522K [0x00000000d5580000, 0x0000000100000000, 0x0000000100000000)
  eden space 232960K, 100% used [0x00000000d5580000,0x00000000e3900000,0x00000000e3900000)
  from space 230912K, 66% used [0x00000000f1e80000,0x00000000fb570938,0x0000000100000000)
  to   space 232960K, 0% used [0x00000000e3900000,0x00000000e3900000,0x00000000f1c80000)
 ParOldGen       total 752640K, used 581861K [0x0000000080000000, 0x00000000adf00000, 0x00000000d5580000)
  object space 752640K, 77% used [0x0000000080000000,0x00000000a38396e0,0x00000000adf00000)
 Metaspace       used 6728K, capacity 7384K, committed 7680K, reserved 1056768K
  class space    used 625K, capacity 656K, committed 768K, reserved 1048576K
Event: 26,811 GC heap after
Heap after GC invocations=25 (full 4):
 PSYoungGen      total 334848K, used 101526K [0x00000000d5580000, 0x00000000ff300000, 0x0000000100000000)
  eden space 232960K, 0% used [0x00000000d5580000,0x00000000d5580000,0x00000000e3900000)
  from space 101888K, 99% used [0x00000000e3900000,0x00000000e9c25a08,0x00000000e9c80000)
  to   space 225280K, 0% used [0x00000000f1700000,0x00000000f1700000,0x00000000ff300000)
 ParOldGen       total 752640K, used 670682K [0x0000000080000000, 0x00000000adf00000, 0x00000000d5580000)
  object space 752640K, 89% used [0x0000000080000000,0x00000000a8ef69a8,0x00000000adf00000)
 Metaspace       used 6728K, capacity 7384K, committed 7680K, reserved 1056768K
  class space    used 625K, capacity 656K, committed 768K, reserved 1048576K
}
Event: 26,811 GC heap before
{Heap before GC invocations=26 (full 5):
 PSYoungGen      total 334848K, used 101526K [0x00000000d5580000, 0x00000000ff300000, 0x0000000100000000)
  eden space 232960K, 0% used [0x00000000d5580000,0x00000000d5580000,0x00000000e3900000)
  from space 101888K, 99% used [0x00000000e3900000,0x00000000e9c25a08,0x00000000e9c80000)
  to   space 225280K, 0% used [0x00000000f1700000,0x00000000f1700000,0x00000000ff300000)
 ParOldGen       total 752640K, used 670682K [0x0000000080000000, 0x00000000adf00000, 0x00000000d5580000)
  object space 752640K, 89% used [0x0000000080000000,0x00000000a8ef69a8,0x00000000adf00000)
 Metaspace       used 6728K, capacity 7384K, committed 7680K, reserved 1056768K
  class space    used 625K, capacity 656K, committed 768K, reserved 1048576K

