# JRE version: Java(TM) SE Runtime Environment (8.0_72-b15) (build 1.8.0_72-b15)
# Java VM: Java HotSpot(TM) 64-Bit Server VM (25.72-b15 mixed mode linux-amd64 compressed oops)
Heap:
 PSYoungGen      total 465920K, used 9823K [0x00000000d5580000, 0x0000000100000000, 0x0000000100000000)
  eden space 232960K, 0% used [0x00000000d5580000,0x00000000d5580000,0x00000000e3900000)
  from space 232960K, 4% used [0x00000000e3900000,0x00000000e4297e00,0x00000000f1c80000)
  to   space 232960K, 0% used [0x00000000f1c80000,0x00000000f1c80000,0x0000000100000000)
 ParOldGen       total 759808K, used 759735K [0x0000000080000000, 0x00000000ae600000, 0x00000000d5580000)
  object space 759808K, 99% used [0x0000000080000000,0x00000000ae5edda8,0x00000000ae600000)
 Metaspace       used 6746K, capacity 7384K, committed 7680K, reserved 1056768K
  class space    used 628K, capacity 656K, committed 768K, reserved 1048576K
GC Heap History (10 events):
Event: 23,973 GC heap after
Heap after GC invocations=21 (full 4):
 PSYoungGen      total 431104K, used 135656K [0x00000000d5580000, 0x0000000100000000, 0x0000000100000000)
  eden space 295424K, 0% used [0x00000000d5580000,0x00000000d5580000,0x00000000e7600000)
  from space 135680K, 99% used [0x00000000e7600000,0x00000000efa7a348,0x00000000efa80000)
  to   space 210432K, 0% used [0x00000000f3280000,0x00000000f3280000,0x0000000100000000)
 ParOldGen       total 759808K, used 498937K [0x0000000080000000, 0x00000000ae600000, 0x00000000d5580000)
  object space 759808K, 65% used [0x0000000080000000,0x000000009e73e4f0,0x00000000ae600000)
 Metaspace       used 6620K, capacity 7320K, committed 7680K, reserved 1056768K
  class space    used 619K, capacity 656K, committed 768K, reserved 1048576K
}
Event: 24,645 GC heap before
{Heap before GC invocations=22 (full 4):
 PSYoungGen      total 431104K, used 431080K [0x00000000d5580000, 0x0000000100000000, 0x0000000100000000)
  eden space 295424K, 100% used [0x00000000d5580000,0x00000000e7600000,0x00000000e7600000)
  from space 135680K, 99% used [0x00000000e7600000,0x00000000efa7a348,0x00000000efa80000)
  to   space 210432K, 0% used [0x00000000f3280000,0x00000000f3280000,0x0000000100000000)
 ParOldGen       total 759808K, used 498937K [0x0000000080000000, 0x00000000ae600000, 0x00000000d5580000)
  object space 759808K, 65% used [0x0000000080000000,0x000000009e73e4f0,0x00000000ae600000)
 Metaspace       used 6620K, capacity 7320K, committed 7680K, reserved 1056768K
  class space    used 619K, capacity 656K, committed 768K, reserved 1048576K
Event: 24,843 GC heap after
Heap after GC invocations=22 (full 4):
 PSYoungGen      total 448512K, used 172218K [0x00000000d5580000, 0x0000000100000000, 0x0000000100000000)
  eden space 238080K, 0% used [0x00000000d5580000,0x00000000d5580000,0x00000000e3e00000)
  from space 210432K, 81% used [0x00000000f3280000,0x00000000fdaae928,0x0000000100000000)
  to   space 230400K, 0% used [0x00000000e3e00000,0x00000000e3e00000,0x00000000f1f00000)
 ParOldGen       total 759808K, used 498937K [0x0000000080000000, 0x00000000ae600000, 0x00000000d5580000)
  object space 759808K, 65% used [0x0000000080000000,0x000000009e73e4f0,0x00000000ae600000)
 Metaspace       used 6620K, capacity 7320K, committed 7680K, reserved 1056768K
  class space    used 619K, capacity 656K, committed 768K, reserved 1048576K
}
Event: 25,426 GC heap before
{Heap before GC invocations=23 (full 4):
 PSYoungGen      total 448512K, used 410298K [0x00000000d5580000, 0x0000000100000000, 0x0000000100000000)
  eden space 238080K, 100% used [0x00000000d5580000,0x00000000e3e00000,0x00000000e3e00000)
  from space 210432K, 81% used [0x00000000f3280000,0x00000000fdaae928,0x0000000100000000)
  to   space 230400K, 0% used [0x00000000e3e00000,0x00000000e3e00000,0x00000000f1f00000)
 ParOldGen       total 759808K, used 498937K [0x0000000080000000, 0x00000000ae600000, 0x00000000d5580000)
  object space 759808K, 65% used [0x0000000080000000,0x000000009e73e4f0,0x00000000ae600000)
 Metaspace       used 6622K, capacity 7320K, committed 7680K, reserved 1056768K
  class space    used 619K, capacity 656K, committed 768K, reserved 1048576K
Event: 25,637 GC heap after
Heap after GC invocations=23 (full 4):
 PSYoungGen      total 446464K, used 208100K [0x00000000d5580000, 0x0000000100000000, 0x0000000100000000)
  eden space 238080K, 0% used [0x00000000d5580000,0x00000000d5580000,0x00000000e3e00000)
  from space 208384K, 99% used [0x00000000e3e00000,0x00000000f09392b0,0x00000000f0980000)
  to   space 232960K, 0% used [0x00000000f1c80000,0x00000000f1c80000,0x0000000100000000)
 ParOldGen       total 759808K, used 498937K [0x0000000080000000, 0x00000000ae600000, 0x00000000d5580000)
  object space 759808K, 65% used [0x0000000080000000,0x000000009e73e4f0,0x00000000ae600000)
 Metaspace       used 6622K, capacity 7320K, committed 7680K, reserved 1056768K
  class space    used 619K, capacity 656K, committed 768K, reserved 1048576K
}
Event: 26,324 GC heap before
{Heap before GC invocations=24 (full 4):
 PSYoungGen      total 446464K, used 446180K [0x00000000d5580000, 0x0000000100000000, 0x0000000100000000)
  eden space 238080K, 100% used [0x00000000d5580000,0x00000000e3e00000,0x00000000e3e00000)
  from space 208384K, 99% used [0x00000000e3e00000,0x00000000f09392b0,0x00000000f0980000)
  to   space 232960K, 0% used [0x00000000f1c80000,0x00000000f1c80000,0x0000000100000000)
 ParOldGen       total 759808K, used 498937K [0x0000000080000000, 0x00000000ae600000, 0x00000000d5580000)
  object space 759808K, 65% used [0x0000000080000000,0x000000009e73e4f0,0x00000000ae600000)
 Metaspace       used 6709K, capacity 7384K, committed 7680K, reserved 1056768K
  class space    used 625K, capacity 656K, committed 768K, reserved 1048576K
Event: 26,623 GC heap after
Heap after GC invocations=24 (full 4):
 PSYoungGen      total 465920K, used 151547K [0x00000000d5580000, 0x0000000100000000, 0x0000000100000000)
  eden space 232960K, 0% used [0x00000000d5580000,0x00000000d5580000,0x00000000e3900000)
  from space 232960K, 65% used [0x00000000f1c80000,0x00000000fb07ed28,0x0000000100000000)
  to   space 232960K, 0% used [0x00000000e3900000,0x00000000e3900000,0x00000000f1c80000)
 ParOldGen       total 759808K, used 591754K [0x0000000080000000, 0x00000000ae600000, 0x00000000d5580000)
  object space 759808K, 77% used [0x0000000080000000,0x00000000a41e2858,0x00000000ae600000)
 Metaspace       used 6709K, capacity 7384K, committed 7680K, reserved 1056768K
  class space    used 625K, capacity 656K, committed 768K, reserved 1048576K
}
Event: 27,291 GC heap before
{Heap before GC invocations=25 (full 4):
 PSYoungGen      total 465920K, used 384507K [0x00000000d5580000, 0x0000000100000000, 0x0000000100000000)
  eden space 232960K, 100% used [0x00000000d5580000,0x00000000e3900000,0x00000000e3900000)
  from space 232960K, 65% used [0x00000000f1c80000,0x00000000fb07ed28,0x0000000100000000)
  to   space 232960K, 0% used [0x00000000e3900000,0x00000000e3900000,0x00000000f1c80000)
 ParOldGen       total 759808K, used 591754K [0x0000000080000000, 0x00000000ae600000, 0x00000000d5580000)
  object space 759808K, 77% used [0x0000000080000000,0x00000000a41e2858,0x00000000ae600000)
 Metaspace       used 6746K, capacity 7384K, committed 7680K, reserved 1056768K
  class space    used 628K, capacity 656K, committed 768K, reserved 1048576K
Event: 27,555 GC heap after
Heap after GC invocations=25 (full 4):
 PSYoungGen      total 465920K, used 109441K [0x00000000d5580000, 0x0000000100000000, 0x0000000100000000)
  eden space 232960K, 0% used [0x00000000d5580000,0x00000000d5580000,0x00000000e3900000)
  from space 232960K, 46% used [0x00000000e3900000,0x00000000ea3e07b8,0x00000000f1c80000)
  to   space 232960K, 0% used [0x00000000f1c80000,0x00000000f1c80000,0x0000000100000000)
 ParOldGen       total 759808K, used 669230K [0x0000000080000000, 0x00000000ae600000, 0x00000000d5580000)
  object space 759808K, 88% used [0x0000000080000000,0x00000000a8d8ba80,0x00000000ae600000)
 Metaspace       used 6746K, capacity 7384K, committed 7680K, reserved 1056768K
  class space    used 628K, capacity 656K, committed 768K, reserved 1048576K
}
Event: 27,555 GC heap before
{Heap before GC invocations=26 (full 5):
 PSYoungGen      total 465920K, used 109441K [0x00000000d5580000, 0x0000000100000000, 0x0000000100000000)
  eden space 232960K, 0% used [0x00000000d5580000,0x00000000d5580000,0x00000000e3900000)
  from space 232960K, 46% used [0x00000000e3900000,0x00000000ea3e07b8,0x00000000f1c80000)
  to   space 232960K, 0% used [0x00000000f1c80000,0x00000000f1c80000,0x0000000100000000)
 ParOldGen       total 759808K, used 669230K [0x0000000080000000, 0x00000000ae600000, 0x00000000d5580000)
  object space 759808K, 88% used [0x0000000080000000,0x00000000a8d8ba80,0x00000000ae600000)
 Metaspace       used 6746K, capacity 7384K, committed 7680K, reserved 1056768K
  class space    used 628K, capacity 656K, committed 768K, reserved 1048576K

