# JRE version: Java(TM) SE Runtime Environment (8.0_72-b15) (build 1.8.0_72-b15)
# Java VM: Java HotSpot(TM) 64-Bit Server VM (25.72-b15 mixed mode linux-amd64 compressed oops)
Heap:
 PSYoungGen      total 336384K, used 16516K [0x00000000d5580000, 0x00000000ff300000, 0x0000000100000000)
  eden space 232960K, 0% used [0x00000000d5580000,0x00000000d5580000,0x00000000e3900000)
  from space 103424K, 15% used [0x00000000e3900000,0x00000000e4921160,0x00000000e9e00000)
  to   space 225280K, 0% used [0x00000000f1700000,0x00000000f1700000,0x00000000ff300000)
 ParOldGen       total 748544K, used 748195K [0x0000000080000000, 0x00000000adb00000, 0x00000000d5580000)
  object space 748544K, 99% used [0x0000000080000000,0x00000000adaa8f68,0x00000000adb00000)
 Metaspace       used 6724K, capacity 7384K, committed 7680K, reserved 1056768K
  class space    used 625K, capacity 656K, committed 768K, reserved 1048576K
GC Heap History (10 events):
Event: 30,078 GC heap after
Heap after GC invocations=21 (full 4):
 PSYoungGen      total 439296K, used 142535K [0x00000000d5580000, 0x0000000100000000, 0x0000000100000000)
  eden space 296448K, 0% used [0x00000000d5580000,0x00000000d5580000,0x00000000e7700000)
  from space 142848K, 99% used [0x00000000e7700000,0x00000000f0231f50,0x00000000f0280000)
  to   space 212480K, 0% used [0x00000000f3080000,0x00000000f3080000,0x0000000100000000)
 ParOldGen       total 748544K, used 493852K [0x0000000080000000, 0x00000000adb00000, 0x00000000d5580000)
  object space 748544K, 65% used [0x0000000080000000,0x000000009e247340,0x00000000adb00000)
 Metaspace       used 6616K, capacity 7320K, committed 7680K, reserved 1056768K
  class space    used 619K, capacity 656K, committed 768K, reserved 1048576K
}
Event: 31,039 GC heap before
{Heap before GC invocations=22 (full 4):
 PSYoungGen      total 439296K, used 438983K [0x00000000d5580000, 0x0000000100000000, 0x0000000100000000)
  eden space 296448K, 100% used [0x00000000d5580000,0x00000000e7700000,0x00000000e7700000)
  from space 142848K, 99% used [0x00000000e7700000,0x00000000f0231f50,0x00000000f0280000)
  to   space 212480K, 0% used [0x00000000f3080000,0x00000000f3080000,0x0000000100000000)
 ParOldGen       total 748544K, used 493852K [0x0000000080000000, 0x00000000adb00000, 0x00000000d5580000)
  object space 748544K, 65% used [0x0000000080000000,0x000000009e247340,0x00000000adb00000)
 Metaspace       used 6617K, capacity 7320K, committed 7680K, reserved 1056768K
  class space    used 619K, capacity 656K, committed 768K, reserved 1048576K
Event: 31,274 GC heap after
Heap after GC invocations=22 (full 4):
 PSYoungGen      total 445440K, used 181714K [0x00000000d5580000, 0x0000000100000000, 0x0000000100000000)
  eden space 232960K, 0% used [0x00000000d5580000,0x00000000d5580000,0x00000000e3900000)
  from space 212480K, 85% used [0x00000000f3080000,0x00000000fe1f48d8,0x0000000100000000)
  to   space 232960K, 0% used [0x00000000e3900000,0x00000000e3900000,0x00000000f1c80000)
 ParOldGen       total 748544K, used 493852K [0x0000000080000000, 0x00000000adb00000, 0x00000000d5580000)
  object space 748544K, 65% used [0x0000000080000000,0x000000009e247340,0x00000000adb00000)
 Metaspace       used 6617K, capacity 7320K, committed 7680K, reserved 1056768K
  class space    used 619K, capacity 656K, committed 768K, reserved 1048576K
}
Event: 31,948 GC heap before
{Heap before GC invocations=23 (full 4):
 PSYoungGen      total 445440K, used 414674K [0x00000000d5580000, 0x0000000100000000, 0x0000000100000000)
  eden space 232960K, 100% used [0x00000000d5580000,0x00000000e3900000,0x00000000e3900000)
  from space 212480K, 85% used [0x00000000f3080000,0x00000000fe1f48d8,0x0000000100000000)
  to   space 232960K, 0% used [0x00000000e3900000,0x00000000e3900000,0x00000000f1c80000)
 ParOldGen       total 748544K, used 493852K [0x0000000080000000, 0x00000000adb00000, 0x00000000d5580000)
  object space 748544K, 65% used [0x0000000080000000,0x000000009e247340,0x00000000adb00000)
 Metaspace       used 6617K, capacity 7320K, committed 7680K, reserved 1056768K
  class space    used 619K, capacity 656K, committed 768K, reserved 1048576K
Event: 32,243 GC heap after
Heap after GC invocations=23 (full 4):
 PSYoungGen      total 465920K, used 118851K [0x00000000d5580000, 0x0000000100000000, 0x0000000100000000)
  eden space 232960K, 0% used [0x00000000d5580000,0x00000000d5580000,0x00000000e3900000)
  from space 232960K, 51% used [0x00000000e3900000,0x00000000ead10d68,0x00000000f1c80000)
  to   space 230912K, 0% used [0x00000000f1e80000,0x00000000f1e80000,0x0000000100000000)
 ParOldGen       total 748544K, used 585954K [0x0000000080000000, 0x00000000adb00000, 0x00000000d5580000)
  object space 748544K, 78% used [0x0000000080000000,0x00000000a3c38ba0,0x00000000adb00000)
 Metaspace       used 6617K, capacity 7320K, committed 7680K, reserved 1056768K
  class space    used 619K, capacity 656K, committed 768K, reserved 1048576K
}
Event: 32,983 GC heap before
{Heap before GC invocations=24 (full 4):
 PSYoungGen      total 465920K, used 351811K [0x00000000d5580000, 0x0000000100000000, 0x0000000100000000)
  eden space 232960K, 100% used [0x00000000d5580000,0x00000000e3900000,0x00000000e3900000)
  from space 232960K, 51% used [0x00000000e3900000,0x00000000ead10d68,0x00000000f1c80000)
  to   space 230912K, 0% used [0x00000000f1e80000,0x00000000f1e80000,0x0000000100000000)
 ParOldGen       total 748544K, used 585954K [0x0000000080000000, 0x00000000adb00000, 0x00000000d5580000)
  object space 748544K, 78% used [0x0000000080000000,0x00000000a3c38ba0,0x00000000adb00000)
 Metaspace       used 6618K, capacity 7320K, committed 7680K, reserved 1056768K
  class space    used 619K, capacity 656K, committed 768K, reserved 1048576K
Event: 33,160 GC heap after
Heap after GC invocations=24 (full 4):
 PSYoungGen      total 463872K, used 154012K [0x00000000d5580000, 0x0000000100000000, 0x0000000100000000)
  eden space 232960K, 0% used [0x00000000d5580000,0x00000000d5580000,0x00000000e3900000)
  from space 230912K, 66% used [0x00000000f1e80000,0x00000000fb4e70b8,0x0000000100000000)
  to   space 232960K, 0% used [0x00000000e3900000,0x00000000e3900000,0x00000000f1c80000)
 ParOldGen       total 748544K, used 585954K [0x0000000080000000, 0x00000000adb00000, 0x00000000d5580000)
  object space 748544K, 78% used [0x0000000080000000,0x00000000a3c38ba0,0x00000000adb00000)
 Metaspace       used 6618K, capacity 7320K, committed 7680K, reserved 1056768K
  class space    used 619K, capacity 656K, committed 768K, reserved 1048576K
}
Event: 33,992 GC heap before
{Heap before GC invocations=25 (full 4):
 PSYoungGen      total 463872K, used 386972K [0x00000000d5580000, 0x0000000100000000, 0x0000000100000000)
  eden space 232960K, 100% used [0x00000000d5580000,0x00000000e3900000,0x00000000e3900000)
  from space 230912K, 66% used [0x00000000f1e80000,0x00000000fb4e70b8,0x0000000100000000)
  to   space 232960K, 0% used [0x00000000e3900000,0x00000000e3900000,0x00000000f1c80000)
 ParOldGen       total 748544K, used 585954K [0x0000000080000000, 0x00000000adb00000, 0x00000000d5580000)
  object space 748544K, 78% used [0x0000000080000000,0x00000000a3c38ba0,0x00000000adb00000)
 Metaspace       used 6724K, capacity 7384K, committed 7680K, reserved 1056768K
  class space    used 625K, capacity 656K, committed 768K, reserved 1048576K
Event: 34,290 GC heap after
Heap after GC invocations=25 (full 4):
 PSYoungGen      total 336384K, used 102952K [0x00000000d5580000, 0x00000000ff300000, 0x0000000100000000)
  eden space 232960K, 0% used [0x00000000d5580000,0x00000000d5580000,0x00000000e3900000)
  from space 103424K, 99% used [0x00000000e3900000,0x00000000e9d8a1d0,0x00000000e9e00000)
  to   space 225280K, 0% used [0x00000000f1700000,0x00000000f1700000,0x00000000ff300000)
 ParOldGen       total 748544K, used 672969K [0x0000000080000000, 0x00000000adb00000, 0x00000000d5580000)
  object space 748544K, 89% used [0x0000000080000000,0x00000000a91326b8,0x00000000adb00000)
 Metaspace       used 6724K, capacity 7384K, committed 7680K, reserved 1056768K
  class space    used 625K, capacity 656K, committed 768K, reserved 1048576K
}
Event: 34,290 GC heap before
{Heap before GC invocations=26 (full 5):
 PSYoungGen      total 336384K, used 102952K [0x00000000d5580000, 0x00000000ff300000, 0x0000000100000000)
  eden space 232960K, 0% used [0x00000000d5580000,0x00000000d5580000,0x00000000e3900000)
  from space 103424K, 99% used [0x00000000e3900000,0x00000000e9d8a1d0,0x00000000e9e00000)
  to   space 225280K, 0% used [0x00000000f1700000,0x00000000f1700000,0x00000000ff300000)
 ParOldGen       total 748544K, used 672969K [0x0000000080000000, 0x00000000adb00000, 0x00000000d5580000)
  object space 748544K, 89% used [0x0000000080000000,0x00000000a91326b8,0x00000000adb00000)
 Metaspace       used 6724K, capacity 7384K, committed 7680K, reserved 1056768K
  class space    used 625K, capacity 656K, committed 768K, reserved 1048576K

