# JRE version: Java(TM) SE Runtime Environment (8.0_72-b15) (build 1.8.0_72-b15)
# Java VM: Java HotSpot(TM) 64-Bit Server VM (25.72-b15 mixed mode linux-amd64 compressed oops)
Heap:
 PSYoungGen      total 465920K, used 517K [0x00000000d5580000, 0x0000000100000000, 0x0000000100000000)
  eden space 232960K, 0% used [0x00000000d5580000,0x00000000d5580000,0x00000000e3900000)
  from space 232960K, 0% used [0x00000000e3900000,0x00000000e3981520,0x00000000f1c80000)
  to   space 232960K, 0% used [0x00000000f1c80000,0x00000000f1c80000,0x0000000100000000)
 ParOldGen       total 759808K, used 759560K [0x0000000080000000, 0x00000000ae600000, 0x00000000d5580000)
  object space 759808K, 99% used [0x0000000080000000,0x00000000ae5c2140,0x00000000ae600000)
 Metaspace       used 6736K, capacity 7384K, committed 7680K, reserved 1056768K
  class space    used 625K, capacity 656K, committed 768K, reserved 1048576K
GC Heap History (10 events):
Event: 25,716 GC heap after
Heap after GC invocations=21 (full 4):
 PSYoungGen      total 451584K, used 137609K [0x00000000d5580000, 0x0000000100000000, 0x0000000100000000)
  eden space 313856K, 0% used [0x00000000d5580000,0x00000000d5580000,0x00000000e8800000)
  from space 137728K, 99% used [0x00000000e8800000,0x00000000f0e627c8,0x00000000f0e80000)
  to   space 203776K, 0% used [0x00000000f3900000,0x00000000f3900000,0x0000000100000000)
 ParOldGen       total 759808K, used 491913K [0x0000000080000000, 0x00000000ae600000, 0x00000000d5580000)
  object space 759808K, 64% used [0x0000000080000000,0x000000009e062598,0x00000000ae600000)
 Metaspace       used 6627K, capacity 7320K, committed 7680K, reserved 1056768K
  class space    used 619K, capacity 656K, committed 768K, reserved 1048576K
}
Event: 26,503 GC heap before
{Heap before GC invocations=22 (full 4):
 PSYoungGen      total 451584K, used 451465K [0x00000000d5580000, 0x0000000100000000, 0x0000000100000000)
  eden space 313856K, 100% used [0x00000000d5580000,0x00000000e8800000,0x00000000e8800000)
  from space 137728K, 99% used [0x00000000e8800000,0x00000000f0e627c8,0x00000000f0e80000)
  to   space 203776K, 0% used [0x00000000f3900000,0x00000000f3900000,0x0000000100000000)
 ParOldGen       total 759808K, used 491913K [0x0000000080000000, 0x00000000ae600000, 0x00000000d5580000)
  object space 759808K, 64% used [0x0000000080000000,0x000000009e062598,0x00000000ae600000)
 Metaspace       used 6629K, capacity 7320K, committed 7680K, reserved 1056768K
  class space    used 619K, capacity 656K, committed 768K, reserved 1048576K
Event: 26,697 GC heap after
Heap after GC invocations=22 (full 4):
 PSYoungGen      total 445952K, used 180082K [0x00000000d5580000, 0x0000000100000000, 0x0000000100000000)
  eden space 242176K, 0% used [0x00000000d5580000,0x00000000d5580000,0x00000000e4200000)
  from space 203776K, 88% used [0x00000000f3900000,0x00000000fe8dcba8,0x0000000100000000)
  to   space 228352K, 0% used [0x00000000e4200000,0x00000000e4200000,0x00000000f2100000)
 ParOldGen       total 759808K, used 491913K [0x0000000080000000, 0x00000000ae600000, 0x00000000d5580000)
  object space 759808K, 64% used [0x0000000080000000,0x000000009e062598,0x00000000ae600000)
 Metaspace       used 6629K, capacity 7320K, committed 7680K, reserved 1056768K
  class space    used 619K, capacity 656K, committed 768K, reserved 1048576K
}
Event: 27,438 GC heap before
{Heap before GC invocations=23 (full 4):
 PSYoungGen      total 445952K, used 422258K [0x00000000d5580000, 0x0000000100000000, 0x0000000100000000)
  eden space 242176K, 100% used [0x00000000d5580000,0x00000000e4200000,0x00000000e4200000)
  from space 203776K, 88% used [0x00000000f3900000,0x00000000fe8dcba8,0x0000000100000000)
  to   space 228352K, 0% used [0x00000000e4200000,0x00000000e4200000,0x00000000f2100000)
 ParOldGen       total 759808K, used 491913K [0x0000000080000000, 0x00000000ae600000, 0x00000000d5580000)
  object space 759808K, 64% used [0x0000000080000000,0x000000009e062598,0x00000000ae600000)
 Metaspace       used 6629K, capacity 7320K, committed 7680K, reserved 1056768K
  class space    used 619K, capacity 656K, committed 768K, reserved 1048576K
Event: 27,652 GC heap after
Heap after GC invocations=23 (full 4):
 PSYoungGen      total 450048K, used 207392K [0x00000000d5580000, 0x0000000100000000, 0x0000000100000000)
  eden space 242176K, 0% used [0x00000000d5580000,0x00000000d5580000,0x00000000e4200000)
  from space 207872K, 99% used [0x00000000e4200000,0x00000000f0c88110,0x00000000f0d00000)
  to   space 232960K, 0% used [0x00000000f1c80000,0x00000000f1c80000,0x0000000100000000)
 ParOldGen       total 759808K, used 491913K [0x0000000080000000, 0x00000000ae600000, 0x00000000d5580000)
  object space 759808K, 64% used [0x0000000080000000,0x000000009e062598,0x00000000ae600000)
 Metaspace       used 6629K, capacity 7320K, committed 7680K, reserved 1056768K
  class space    used 619K, capacity 656K, committed 768K, reserved 1048576K
}
Event: 28,383 GC heap before
{Heap before GC invocations=24 (full 4):
 PSYoungGen      total 450048K, used 449568K [0x00000000d5580000, 0x0000000100000000, 0x0000000100000000)
  eden space 242176K, 100% used [0x00000000d5580000,0x00000000e4200000,0x00000000e4200000)
  from space 207872K, 99% used [0x00000000e4200000,0x00000000f0c88110,0x00000000f0d00000)
  to   space 232960K, 0% used [0x00000000f1c80000,0x00000000f1c80000,0x0000000100000000)
 ParOldGen       total 759808K, used 491913K [0x0000000080000000, 0x00000000ae600000, 0x00000000d5580000)
  object space 759808K, 64% used [0x0000000080000000,0x000000009e062598,0x00000000ae600000)
 Metaspace       used 6629K, capacity 7320K, committed 7680K, reserved 1056768K
  class space    used 619K, capacity 656K, committed 768K, reserved 1048576K
Event: 28,656 GC heap after
Heap after GC invocations=24 (full 4):
 PSYoungGen      total 465920K, used 159148K [0x00000000d5580000, 0x0000000100000000, 0x0000000100000000)
  eden space 232960K, 0% used [0x00000000d5580000,0x00000000d5580000,0x00000000e3900000)
  from space 232960K, 68% used [0x00000000f1c80000,0x00000000fb7eb1b8,0x0000000100000000)
  to   space 232960K, 0% used [0x00000000e3900000,0x00000000e3900000,0x00000000f1c80000)
 ParOldGen       total 759808K, used 577421K [0x0000000080000000, 0x00000000ae600000, 0x00000000d5580000)
  object space 759808K, 75% used [0x0000000080000000,0x00000000a33e36e0,0x00000000ae600000)
 Metaspace       used 6629K, capacity 7320K, committed 7680K, reserved 1056768K
  class space    used 619K, capacity 656K, committed 768K, reserved 1048576K
}
Event: 29,487 GC heap before
{Heap before GC invocations=25 (full 4):
 PSYoungGen      total 465920K, used 392108K [0x00000000d5580000, 0x0000000100000000, 0x0000000100000000)
  eden space 232960K, 100% used [0x00000000d5580000,0x00000000e3900000,0x00000000e3900000)
  from space 232960K, 68% used [0x00000000f1c80000,0x00000000fb7eb1b8,0x0000000100000000)
  to   space 232960K, 0% used [0x00000000e3900000,0x00000000e3900000,0x00000000f1c80000)
 ParOldGen       total 759808K, used 577421K [0x0000000080000000, 0x00000000ae600000, 0x00000000d5580000)
  object space 759808K, 75% used [0x0000000080000000,0x00000000a33e36e0,0x00000000ae600000)
 Metaspace       used 6736K, capacity 7384K, committed 7680K, reserved 1056768K
  class space    used 625K, capacity 656K, committed 768K, reserved 1048576K
Event: 29,711 GC heap after
Heap after GC invocations=25 (full 4):
 PSYoungGen      total 465920K, used 101933K [0x00000000d5580000, 0x0000000100000000, 0x0000000100000000)
  eden space 232960K, 0% used [0x00000000d5580000,0x00000000d5580000,0x00000000e3900000)
  from space 232960K, 43% used [0x00000000e3900000,0x00000000e9c8b500,0x00000000f1c80000)
  to   space 232960K, 0% used [0x00000000f1c80000,0x00000000f1c80000,0x0000000100000000)
 ParOldGen       total 759808K, used 669223K [0x0000000080000000, 0x00000000ae600000, 0x00000000d5580000)
  object space 759808K, 88% used [0x0000000080000000,0x00000000a8d89de0,0x00000000ae600000)
 Metaspace       used 6736K, capacity 7384K, committed 7680K, reserved 1056768K
  class space    used 625K, capacity 656K, committed 768K, reserved 1048576K
}
Event: 29,711 GC heap before
{Heap before GC invocations=26 (full 5):
 PSYoungGen      total 465920K, used 101933K [0x00000000d5580000, 0x0000000100000000, 0x0000000100000000)
  eden space 232960K, 0% used [0x00000000d5580000,0x00000000d5580000,0x00000000e3900000)
  from space 232960K, 43% used [0x00000000e3900000,0x00000000e9c8b500,0x00000000f1c80000)
  to   space 232960K, 0% used [0x00000000f1c80000,0x00000000f1c80000,0x0000000100000000)
 ParOldGen       total 759808K, used 669223K [0x0000000080000000, 0x00000000ae600000, 0x00000000d5580000)
  object space 759808K, 88% used [0x0000000080000000,0x00000000a8d89de0,0x00000000ae600000)
 Metaspace       used 6736K, capacity 7384K, committed 7680K, reserved 1056768K
  class space    used 625K, capacity 656K, committed 768K, reserved 1048576K

