# JRE version: Java(TM) SE Runtime Environment (8.0_72-b15) (build 1.8.0_72-b15)
# Java VM: Java HotSpot(TM) 64-Bit Server VM (25.72-b15 mixed mode linux-amd64 compressed oops)
Heap:
 PSYoungGen      total 465920K, used 10569K [0x00000000d5580000, 0x0000000100000000, 0x0000000100000000)
  eden space 232960K, 0% used [0x00000000d5580000,0x00000000d5580000,0x00000000e3900000)
  from space 232960K, 4% used [0x00000000e3900000,0x00000000e4352630,0x00000000f1c80000)
  to   space 232960K, 0% used [0x00000000f1c80000,0x00000000f1c80000,0x0000000100000000)
 ParOldGen       total 762880K, used 762433K [0x0000000080000000, 0x00000000ae900000, 0x00000000d5580000)
  object space 762880K, 99% used [0x0000000080000000,0x00000000ae890550,0x00000000ae900000)
 Metaspace       used 6758K, capacity 7384K, committed 7680K, reserved 1056768K
  class space    used 627K, capacity 656K, committed 768K, reserved 1048576K
GC Heap History (10 events):
Event: 24,184 GC heap after
Heap after GC invocations=21 (full 4):
 PSYoungGen      total 436224K, used 138265K [0x00000000d5580000, 0x0000000100000000, 0x0000000100000000)
  eden space 297472K, 0% used [0x00000000d5580000,0x00000000d5580000,0x00000000e7800000)
  from space 138752K, 99% used [0x00000000e7800000,0x00000000eff06568,0x00000000eff80000)
  to   space 210944K, 0% used [0x00000000f3200000,0x00000000f3200000,0x0000000100000000)
 ParOldGen       total 762880K, used 500035K [0x0000000080000000, 0x00000000ae900000, 0x00000000d5580000)
  object space 762880K, 65% used [0x0000000080000000,0x000000009e850cd8,0x00000000ae900000)
 Metaspace       used 6626K, capacity 7320K, committed 7680K, reserved 1056768K
  class space    used 618K, capacity 656K, committed 768K, reserved 1048576K
}
Event: 24,978 GC heap before
{Heap before GC invocations=22 (full 4):
 PSYoungGen      total 436224K, used 435737K [0x00000000d5580000, 0x0000000100000000, 0x0000000100000000)
  eden space 297472K, 100% used [0x00000000d5580000,0x00000000e7800000,0x00000000e7800000)
  from space 138752K, 99% used [0x00000000e7800000,0x00000000eff06568,0x00000000eff80000)
  to   space 210944K, 0% used [0x00000000f3200000,0x00000000f3200000,0x0000000100000000)
 ParOldGen       total 762880K, used 500037K [0x0000000080000000, 0x00000000ae900000, 0x00000000d5580000)
  object space 762880K, 65% used [0x0000000080000000,0x000000009e8515c8,0x00000000ae900000)
 Metaspace       used 6626K, capacity 7320K, committed 7680K, reserved 1056768K
  class space    used 619K, capacity 656K, committed 768K, reserved 1048576K
Event: 25,171 GC heap after
Heap after GC invocations=22 (full 4):
 PSYoungGen      total 445952K, used 175678K [0x00000000d5580000, 0x0000000100000000, 0x0000000100000000)
  eden space 235008K, 0% used [0x00000000d5580000,0x00000000d5580000,0x00000000e3b00000)
  from space 210944K, 83% used [0x00000000f3200000,0x00000000fdd8f838,0x0000000100000000)
  to   space 231936K, 0% used [0x00000000e3b00000,0x00000000e3b00000,0x00000000f1d80000)
 ParOldGen       total 762880K, used 500037K [0x0000000080000000, 0x00000000ae900000, 0x00000000d5580000)
  object space 762880K, 65% used [0x0000000080000000,0x000000009e8515c8,0x00000000ae900000)
 Metaspace       used 6626K, capacity 7320K, committed 7680K, reserved 1056768K
  class space    used 619K, capacity 656K, committed 768K, reserved 1048576K
}
Event: 25,838 GC heap before
{Heap before GC invocations=23 (full 4):
 PSYoungGen      total 445952K, used 410686K [0x00000000d5580000, 0x0000000100000000, 0x0000000100000000)
  eden space 235008K, 100% used [0x00000000d5580000,0x00000000e3b00000,0x00000000e3b00000)
  from space 210944K, 83% used [0x00000000f3200000,0x00000000fdd8f838,0x0000000100000000)
  to   space 231936K, 0% used [0x00000000e3b00000,0x00000000e3b00000,0x00000000f1d80000)
 ParOldGen       total 762880K, used 500037K [0x0000000080000000, 0x00000000ae900000, 0x00000000d5580000)
  object space 762880K, 65% used [0x0000000080000000,0x000000009e8515c8,0x00000000ae900000)
 Metaspace       used 6627K, capacity 7320K, committed 7680K, reserved 1056768K
  class space    used 619K, capacity 656K, committed 768K, reserved 1048576K
Event: 26,127 GC heap after
Heap after GC invocations=23 (full 4):
 PSYoungGen      total 445952K, used 210579K [0x00000000d5580000, 0x0000000100000000, 0x0000000100000000)
  eden space 235008K, 0% used [0x00000000d5580000,0x00000000d5580000,0x00000000e3b00000)
  from space 210944K, 99% used [0x00000000e3b00000,0x00000000f08a4c80,0x00000000f0900000)
  to   space 232960K, 0% used [0x00000000f1c80000,0x00000000f1c80000,0x0000000100000000)
 ParOldGen       total 762880K, used 500037K [0x0000000080000000, 0x00000000ae900000, 0x00000000d5580000)
  object space 762880K, 65% used [0x0000000080000000,0x000000009e8515c8,0x00000000ae900000)
 Metaspace       used 6627K, capacity 7320K, committed 7680K, reserved 1056768K
  class space    used 619K, capacity 656K, committed 768K, reserved 1048576K
}
Event: 27,048 GC heap before
{Heap before GC invocations=24 (full 4):
 PSYoungGen      total 445952K, used 445587K [0x00000000d5580000, 0x0000000100000000, 0x0000000100000000)
  eden space 235008K, 100% used [0x00000000d5580000,0x00000000e3b00000,0x00000000e3b00000)
  from space 210944K, 99% used [0x00000000e3b00000,0x00000000f08a4c80,0x00000000f0900000)
  to   space 232960K, 0% used [0x00000000f1c80000,0x00000000f1c80000,0x0000000100000000)
 ParOldGen       total 762880K, used 500037K [0x0000000080000000, 0x00000000ae900000, 0x00000000d5580000)
  object space 762880K, 65% used [0x0000000080000000,0x000000009e8515c8,0x00000000ae900000)
 Metaspace       used 6717K, capacity 7384K, committed 7680K, reserved 1056768K
  class space    used 625K, capacity 656K, committed 768K, reserved 1048576K
Event: 27,452 GC heap after
Heap after GC invocations=24 (full 4):
 PSYoungGen      total 465920K, used 150687K [0x00000000d5580000, 0x0000000100000000, 0x0000000100000000)
  eden space 232960K, 0% used [0x00000000d5580000,0x00000000d5580000,0x00000000e3900000)
  from space 232960K, 64% used [0x00000000f1c80000,0x00000000fafa7e58,0x0000000100000000)
  to   space 232960K, 0% used [0x00000000e3900000,0x00000000e3900000,0x00000000f1c80000)
 ParOldGen       total 762880K, used 595744K [0x0000000080000000, 0x00000000ae900000, 0x00000000d5580000)
  object space 762880K, 78% used [0x0000000080000000,0x00000000a45c8238,0x00000000ae900000)
 Metaspace       used 6717K, capacity 7384K, committed 7680K, reserved 1056768K
  class space    used 625K, capacity 656K, committed 768K, reserved 1048576K
}
Event: 28,444 GC heap before
{Heap before GC invocations=25 (full 4):
 PSYoungGen      total 465920K, used 383647K [0x00000000d5580000, 0x0000000100000000, 0x0000000100000000)
  eden space 232960K, 100% used [0x00000000d5580000,0x00000000e3900000,0x00000000e3900000)
  from space 232960K, 64% used [0x00000000f1c80000,0x00000000fafa7e58,0x0000000100000000)
  to   space 232960K, 0% used [0x00000000e3900000,0x00000000e3900000,0x00000000f1c80000)
 ParOldGen       total 762880K, used 595744K [0x0000000080000000, 0x00000000ae900000, 0x00000000d5580000)
  object space 762880K, 78% used [0x0000000080000000,0x00000000a45c8238,0x00000000ae900000)
 Metaspace       used 6758K, capacity 7384K, committed 7680K, reserved 1056768K
  class space    used 627K, capacity 656K, committed 768K, reserved 1048576K
Event: 28,778 GC heap after
Heap after GC invocations=25 (full 4):
 PSYoungGen      total 465920K, used 108169K [0x00000000d5580000, 0x0000000100000000, 0x0000000100000000)
  eden space 232960K, 0% used [0x00000000d5580000,0x00000000d5580000,0x00000000e3900000)
  from space 232960K, 46% used [0x00000000e3900000,0x00000000ea2a2630,0x00000000f1c80000)
  to   space 232960K, 0% used [0x00000000f1c80000,0x00000000f1c80000,0x0000000100000000)
 ParOldGen       total 762880K, used 673961K [0x0000000080000000, 0x00000000ae900000, 0x00000000d5580000)
  object space 762880K, 88% used [0x0000000080000000,0x00000000a922a570,0x00000000ae900000)
 Metaspace       used 6758K, capacity 7384K, committed 7680K, reserved 1056768K
  class space    used 627K, capacity 656K, committed 768K, reserved 1048576K
}
Event: 28,778 GC heap before
{Heap before GC invocations=26 (full 5):
 PSYoungGen      total 465920K, used 108169K [0x00000000d5580000, 0x0000000100000000, 0x0000000100000000)
  eden space 232960K, 0% used [0x00000000d5580000,0x00000000d5580000,0x00000000e3900000)
  from space 232960K, 46% used [0x00000000e3900000,0x00000000ea2a2630,0x00000000f1c80000)
  to   space 232960K, 0% used [0x00000000f1c80000,0x00000000f1c80000,0x0000000100000000)
 ParOldGen       total 762880K, used 673961K [0x0000000080000000, 0x00000000ae900000, 0x00000000d5580000)
  object space 762880K, 88% used [0x0000000080000000,0x00000000a922a570,0x00000000ae900000)
 Metaspace       used 6758K, capacity 7384K, committed 7680K, reserved 1056768K
  class space    used 627K, capacity 656K, committed 768K, reserved 1048576K

