# JRE version: Java(TM) SE Runtime Environment (8.0_72-b15) (build 1.8.0_72-b15)
# Java VM: Java HotSpot(TM) 64-Bit Server VM (25.72-b15 mixed mode linux-amd64 compressed oops)
Heap:
 PSYoungGen      total 340480K, used 67823K [0x00000000d5580000, 0x00000000fee00000, 0x0000000100000000)
  eden space 232960K, 0% used [0x00000000d5580000,0x00000000d5580000,0x00000000e3900000)
  from space 107520K, 63% used [0x00000000e3900000,0x00000000e7b3bdb0,0x00000000ea200000)
  to   space 223744K, 0% used [0x00000000f1380000,0x00000000f1380000,0x00000000fee00000)
 ParOldGen       total 700416K, used 700338K [0x0000000080000000, 0x00000000aac00000, 0x00000000d5580000)
  object space 700416K, 99% used [0x0000000080000000,0x00000000aabec940,0x00000000aac00000)
 Metaspace       used 6757K, capacity 7384K, committed 7680K, reserved 1056768K
  class space    used 627K, capacity 656K, committed 768K, reserved 1048576K
GC Heap History (10 events):
Event: 27,836 GC heap after
Heap after GC invocations=23 (full 4):
 PSYoungGen      total 462336K, used 143658K [0x00000000d5580000, 0x0000000100000000, 0x0000000100000000)
  eden space 245760K, 0% used [0x00000000d5580000,0x00000000d5580000,0x00000000e4580000)
  from space 216576K, 66% used [0x00000000e4580000,0x00000000ed1caa20,0x00000000f1900000)
  to   space 224256K, 0% used [0x00000000f2500000,0x00000000f2500000,0x0000000100000000)
 ParOldGen       total 700416K, used 501725K [0x0000000080000000, 0x00000000aac00000, 0x00000000d5580000)
  object space 700416K, 71% used [0x0000000080000000,0x000000009e9f7728,0x00000000aac00000)
 Metaspace       used 6629K, capacity 7320K, committed 7680K, reserved 1056768K
  class space    used 618K, capacity 656K, committed 768K, reserved 1048576K
}
Event: 28,661 GC heap before
{Heap before GC invocations=24 (full 4):
 PSYoungGen      total 462336K, used 389418K [0x00000000d5580000, 0x0000000100000000, 0x0000000100000000)
  eden space 245760K, 100% used [0x00000000d5580000,0x00000000e4580000,0x00000000e4580000)
  from space 216576K, 66% used [0x00000000e4580000,0x00000000ed1caa20,0x00000000f1900000)
  to   space 224256K, 0% used [0x00000000f2500000,0x00000000f2500000,0x0000000100000000)
 ParOldGen       total 700416K, used 501725K [0x0000000080000000, 0x00000000aac00000, 0x00000000d5580000)
  object space 700416K, 71% used [0x0000000080000000,0x000000009e9f7728,0x00000000aac00000)
 Metaspace       used 6629K, capacity 7320K, committed 7680K, reserved 1056768K
  class space    used 618K, capacity 656K, committed 768K, reserved 1048576K
Event: 28,970 GC heap after
Heap after GC invocations=24 (full 4):
 PSYoungGen      total 457216K, used 174175K [0x00000000d5580000, 0x0000000100000000, 0x0000000100000000)
  eden space 232960K, 0% used [0x00000000d5580000,0x00000000d5580000,0x00000000e3900000)
  from space 224256K, 77% used [0x00000000f2500000,0x00000000fcf17ff0,0x0000000100000000)
  to   space 232960K, 0% used [0x00000000e3900000,0x00000000e3900000,0x00000000f1c80000)
 ParOldGen       total 700416K, used 501725K [0x0000000080000000, 0x00000000aac00000, 0x00000000d5580000)
  object space 700416K, 71% used [0x0000000080000000,0x000000009e9f7728,0x00000000aac00000)
 Metaspace       used 6629K, capacity 7320K, committed 7680K, reserved 1056768K
  class space    used 618K, capacity 656K, committed 768K, reserved 1048576K
}
Event: 29,602 GC heap before
{Heap before GC invocations=25 (full 4):
 PSYoungGen      total 457216K, used 407135K [0x00000000d5580000, 0x0000000100000000, 0x0000000100000000)
  eden space 232960K, 100% used [0x00000000d5580000,0x00000000e3900000,0x00000000e3900000)
  from space 224256K, 77% used [0x00000000f2500000,0x00000000fcf17ff0,0x0000000100000000)
  to   space 232960K, 0% used [0x00000000e3900000,0x00000000e3900000,0x00000000f1c80000)
 ParOldGen       total 700416K, used 501725K [0x0000000080000000, 0x00000000aac00000, 0x00000000d5580000)
  object space 700416K, 71% used [0x0000000080000000,0x000000009e9f7728,0x00000000aac00000)
 Metaspace       used 6630K, capacity 7320K, committed 7680K, reserved 1056768K
  class space    used 618K, capacity 656K, committed 768K, reserved 1048576K
Event: 29,892 GC heap after
Heap after GC invocations=25 (full 4):
 PSYoungGen      total 465920K, used 135077K [0x00000000d5580000, 0x0000000100000000, 0x0000000100000000)
  eden space 232960K, 0% used [0x00000000d5580000,0x00000000d5580000,0x00000000e3900000)
  from space 232960K, 57% used [0x00000000e3900000,0x00000000ebce95e0,0x00000000f1c80000)
  to   space 232960K, 0% used [0x00000000f1c80000,0x00000000f1c80000,0x0000000100000000)
 ParOldGen       total 700416K, used 575731K [0x0000000080000000, 0x00000000aac00000, 0x00000000d5580000)
  object space 700416K, 82% used [0x0000000080000000,0x00000000a323cd98,0x00000000aac00000)
 Metaspace       used 6630K, capacity 7320K, committed 7680K, reserved 1056768K
  class space    used 618K, capacity 656K, committed 768K, reserved 1048576K
}
Event: 30,883 GC heap before
{Heap before GC invocations=26 (full 4):
 PSYoungGen      total 465920K, used 368037K [0x00000000d5580000, 0x0000000100000000, 0x0000000100000000)
  eden space 232960K, 100% used [0x00000000d5580000,0x00000000e3900000,0x00000000e3900000)
  from space 232960K, 57% used [0x00000000e3900000,0x00000000ebce95e0,0x00000000f1c80000)
  to   space 232960K, 0% used [0x00000000f1c80000,0x00000000f1c80000,0x0000000100000000)
 ParOldGen       total 700416K, used 575731K [0x0000000080000000, 0x00000000aac00000, 0x00000000d5580000)
  object space 700416K, 82% used [0x0000000080000000,0x00000000a323cd98,0x00000000aac00000)
 Metaspace       used 6712K, capacity 7384K, committed 7680K, reserved 1056768K
  class space    used 625K, capacity 656K, committed 768K, reserved 1048576K
Event: 31,121 GC heap after
Heap after GC invocations=26 (full 4):
 PSYoungGen      total 465920K, used 132767K [0x00000000d5580000, 0x0000000100000000, 0x0000000100000000)
  eden space 232960K, 0% used [0x00000000d5580000,0x00000000d5580000,0x00000000e3900000)
  from space 232960K, 56% used [0x00000000f1c80000,0x00000000f9e27ef0,0x0000000100000000)
  to   space 232960K, 0% used [0x00000000e3900000,0x00000000e3900000,0x00000000f1c80000)
 ParOldGen       total 700416K, used 613236K [0x0000000080000000, 0x00000000aac00000, 0x00000000d5580000)
  object space 700416K, 87% used [0x0000000080000000,0x00000000a56dd108,0x00000000aac00000)
 Metaspace       used 6712K, capacity 7384K, committed 7680K, reserved 1056768K
  class space    used 625K, capacity 656K, committed 768K, reserved 1048576K
}
Event: 32,095 GC heap before
{Heap before GC invocations=27 (full 4):
 PSYoungGen      total 465920K, used 365727K [0x00000000d5580000, 0x0000000100000000, 0x0000000100000000)
  eden space 232960K, 100% used [0x00000000d5580000,0x00000000e3900000,0x00000000e3900000)
  from space 232960K, 56% used [0x00000000f1c80000,0x00000000f9e27ef0,0x0000000100000000)
  to   space 232960K, 0% used [0x00000000e3900000,0x00000000e3900000,0x00000000f1c80000)
 ParOldGen       total 700416K, used 613236K [0x0000000080000000, 0x00000000aac00000, 0x00000000d5580000)
  object space 700416K, 87% used [0x0000000080000000,0x00000000a56dd108,0x00000000aac00000)
 Metaspace       used 6757K, capacity 7384K, committed 7680K, reserved 1056768K
  class space    used 627K, capacity 656K, committed 768K, reserved 1048576K
Event: 32,365 GC heap after
Heap after GC invocations=27 (full 4):
 PSYoungGen      total 340480K, used 107303K [0x00000000d5580000, 0x00000000fee00000, 0x0000000100000000)
  eden space 232960K, 0% used [0x00000000d5580000,0x00000000d5580000,0x00000000e3900000)
  from space 107520K, 99% used [0x00000000e3900000,0x00000000ea1c9fd0,0x00000000ea200000)
  to   space 223744K, 0% used [0x00000000f1380000,0x00000000f1380000,0x00000000fee00000)
 ParOldGen       total 700416K, used 674806K [0x0000000080000000, 0x00000000aac00000, 0x00000000d5580000)
  object space 700416K, 96% used [0x0000000080000000,0x00000000a92fd918,0x00000000aac00000)
 Metaspace       used 6757K, capacity 7384K, committed 7680K, reserved 1056768K
  class space    used 627K, capacity 656K, committed 768K, reserved 1048576K
}
Event: 32,365 GC heap before
{Heap before GC invocations=28 (full 5):
 PSYoungGen      total 340480K, used 107303K [0x00000000d5580000, 0x00000000fee00000, 0x0000000100000000)
  eden space 232960K, 0% used [0x00000000d5580000,0x00000000d5580000,0x00000000e3900000)
  from space 107520K, 99% used [0x00000000e3900000,0x00000000ea1c9fd0,0x00000000ea200000)
  to   space 223744K, 0% used [0x00000000f1380000,0x00000000f1380000,0x00000000fee00000)
 ParOldGen       total 700416K, used 674806K [0x0000000080000000, 0x00000000aac00000, 0x00000000d5580000)
  object space 700416K, 96% used [0x0000000080000000,0x00000000a92fd918,0x00000000aac00000)
 Metaspace       used 6757K, capacity 7384K, committed 7680K, reserved 1056768K
  class space    used 627K, capacity 656K, committed 768K, reserved 1048576K

