# JRE version: Java(TM) SE Runtime Environment (8.0_72-b15) (build 1.8.0_72-b15)
# Java VM: Java HotSpot(TM) 64-Bit Server VM (25.72-b15 mixed mode linux-amd64 compressed oops)
Heap:
 PSYoungGen      total 455680K, used 0K [0x00000000d5580000, 0x00000000ff600000, 0x0000000100000000)
  eden space 232960K, 0% used [0x00000000d5580000,0x00000000d5580000,0x00000000e3900000)
  from space 222720K, 0% used [0x00000000f1c80000,0x00000000f1c80000,0x00000000ff600000)
  to   space 227840K, 0% used [0x00000000e3900000,0x00000000e3900000,0x00000000f1780000)
 ParOldGen       total 731136K, used 730755K [0x0000000080000000, 0x00000000aca00000, 0x00000000d5580000)
  object space 731136K, 99% used [0x0000000080000000,0x00000000ac9a0c28,0x00000000aca00000)
 Metaspace       used 6624K, capacity 7320K, committed 7680K, reserved 1056768K
  class space    used 620K, capacity 656K, committed 768K, reserved 1048576K
GC Heap History (10 events):
Event: 26,728 GC heap after
Heap after GC invocations=20 (full 4):
 PSYoungGen      total 470016K, used 101039K [0x00000000d5580000, 0x0000000100000000, 0x0000000100000000)
  eden space 310784K, 0% used [0x00000000d5580000,0x00000000d5580000,0x00000000e8500000)
  from space 159232K, 63% used [0x00000000f6480000,0x00000000fc72be08,0x0000000100000000)
  to   space 194048K, 0% used [0x00000000e8500000,0x00000000e8500000,0x00000000f4280000)
 ParOldGen       total 731136K, used 475904K [0x0000000080000000, 0x00000000aca00000, 0x00000000d5580000)
  object space 731136K, 65% used [0x0000000080000000,0x000000009d0c0390,0x00000000aca00000)
 Metaspace       used 6614K, capacity 7320K, committed 7680K, reserved 1056768K
  class space    used 618K, capacity 656K, committed 768K, reserved 1048576K
}
Event: 27,924 GC heap before
{Heap before GC invocations=21 (full 4):
 PSYoungGen      total 470016K, used 411823K [0x00000000d5580000, 0x0000000100000000, 0x0000000100000000)
  eden space 310784K, 100% used [0x00000000d5580000,0x00000000e8500000,0x00000000e8500000)
  from space 159232K, 63% used [0x00000000f6480000,0x00000000fc72be08,0x0000000100000000)
  to   space 194048K, 0% used [0x00000000e8500000,0x00000000e8500000,0x00000000f4280000)
 ParOldGen       total 731136K, used 475904K [0x0000000080000000, 0x00000000aca00000, 0x00000000d5580000)
  object space 731136K, 65% used [0x0000000080000000,0x000000009d0c0390,0x00000000aca00000)
 Metaspace       used 6622K, capacity 7320K, committed 7680K, reserved 1056768K
  class space    used 620K, capacity 656K, committed 768K, reserved 1048576K
Event: 28,257 GC heap after
Heap after GC invocations=21 (full 4):
 PSYoungGen      total 464384K, used 153181K [0x00000000d5580000, 0x0000000100000000, 0x0000000100000000)
  eden space 310784K, 0% used [0x00000000d5580000,0x00000000d5580000,0x00000000e8500000)
  from space 153600K, 99% used [0x00000000e8500000,0x00000000f1a97790,0x00000000f1b00000)
  to   space 210944K, 0% used [0x00000000f3200000,0x00000000f3200000,0x0000000100000000)
 ParOldGen       total 731136K, used 475904K [0x0000000080000000, 0x00000000aca00000, 0x00000000d5580000)
  object space 731136K, 65% used [0x0000000080000000,0x000000009d0c0390,0x00000000aca00000)
 Metaspace       used 6622K, capacity 7320K, committed 7680K, reserved 1056768K
  class space    used 620K, capacity 656K, committed 768K, reserved 1048576K
}
Event: 29,339 GC heap before
{Heap before GC invocations=22 (full 4):
 PSYoungGen      total 464384K, used 463965K [0x00000000d5580000, 0x0000000100000000, 0x0000000100000000)
  eden space 310784K, 100% used [0x00000000d5580000,0x00000000e8500000,0x00000000e8500000)
  from space 153600K, 99% used [0x00000000e8500000,0x00000000f1a97790,0x00000000f1b00000)
  to   space 210944K, 0% used [0x00000000f3200000,0x00000000f3200000,0x0000000100000000)
 ParOldGen       total 731136K, used 475904K [0x0000000080000000, 0x00000000aca00000, 0x00000000d5580000)
  object space 731136K, 65% used [0x0000000080000000,0x000000009d0c0390,0x00000000aca00000)
 Metaspace       used 6623K, capacity 7320K, committed 7680K, reserved 1056768K
  class space    used 620K, capacity 656K, committed 768K, reserved 1048576K
Event: 29,562 GC heap after
Heap after GC invocations=22 (full 4):
 PSYoungGen      total 443904K, used 196579K [0x00000000d5580000, 0x0000000100000000, 0x0000000100000000)
  eden space 232960K, 0% used [0x00000000d5580000,0x00000000d5580000,0x00000000e3900000)
  from space 210944K, 93% used [0x00000000f3200000,0x00000000ff1f8c10,0x0000000100000000)
  to   space 232960K, 0% used [0x00000000e3900000,0x00000000e3900000,0x00000000f1c80000)
 ParOldGen       total 731136K, used 475904K [0x0000000080000000, 0x00000000aca00000, 0x00000000d5580000)
  object space 731136K, 65% used [0x0000000080000000,0x000000009d0c0390,0x00000000aca00000)
 Metaspace       used 6623K, capacity 7320K, committed 7680K, reserved 1056768K
  class space    used 620K, capacity 656K, committed 768K, reserved 1048576K
}
Event: 30,157 GC heap before
{Heap before GC invocations=23 (full 4):
 PSYoungGen      total 443904K, used 429539K [0x00000000d5580000, 0x0000000100000000, 0x0000000100000000)
  eden space 232960K, 100% used [0x00000000d5580000,0x00000000e3900000,0x00000000e3900000)
  from space 210944K, 93% used [0x00000000f3200000,0x00000000ff1f8c10,0x0000000100000000)
  to   space 232960K, 0% used [0x00000000e3900000,0x00000000e3900000,0x00000000f1c80000)
 ParOldGen       total 731136K, used 475904K [0x0000000080000000, 0x00000000aca00000, 0x00000000d5580000)
  object space 731136K, 65% used [0x0000000080000000,0x000000009d0c0390,0x00000000aca00000)
 Metaspace       used 6623K, capacity 7320K, committed 7680K, reserved 1056768K
  class space    used 620K, capacity 656K, committed 768K, reserved 1048576K
Event: 30,460 GC heap after
Heap after GC invocations=23 (full 4):
 PSYoungGen      total 465920K, used 123513K [0x00000000d5580000, 0x0000000100000000, 0x0000000100000000)
  eden space 232960K, 0% used [0x00000000d5580000,0x00000000d5580000,0x00000000e3900000)
  from space 232960K, 53% used [0x00000000e3900000,0x00000000eb19e508,0x00000000f1c80000)
  to   space 232960K, 0% used [0x00000000f1c80000,0x00000000f1c80000,0x0000000100000000)
 ParOldGen       total 731136K, used 576417K [0x0000000080000000, 0x00000000aca00000, 0x00000000d5580000)
  object space 731136K, 78% used [0x0000000080000000,0x00000000a32e8608,0x00000000aca00000)
 Metaspace       used 6623K, capacity 7320K, committed 7680K, reserved 1056768K
  class space    used 620K, capacity 656K, committed 768K, reserved 1048576K
}
Event: 31,264 GC heap before
{Heap before GC invocations=24 (full 4):
 PSYoungGen      total 465920K, used 356473K [0x00000000d5580000, 0x0000000100000000, 0x0000000100000000)
  eden space 232960K, 100% used [0x00000000d5580000,0x00000000e3900000,0x00000000e3900000)
  from space 232960K, 53% used [0x00000000e3900000,0x00000000eb19e508,0x00000000f1c80000)
  to   space 232960K, 0% used [0x00000000f1c80000,0x00000000f1c80000,0x0000000100000000)
 ParOldGen       total 731136K, used 576417K [0x0000000080000000, 0x00000000aca00000, 0x00000000d5580000)
  object space 731136K, 78% used [0x0000000080000000,0x00000000a32e8608,0x00000000aca00000)
 Metaspace       used 6624K, capacity 7320K, committed 7680K, reserved 1056768K
  class space    used 620K, capacity 656K, committed 768K, reserved 1048576K
Event: 31,564 GC heap after
Heap after GC invocations=24 (full 4):
 PSYoungGen      total 455680K, used 64464K [0x00000000d5580000, 0x00000000ff600000, 0x0000000100000000)
  eden space 232960K, 0% used [0x00000000d5580000,0x00000000d5580000,0x00000000e3900000)
  from space 222720K, 28% used [0x00000000f1c80000,0x00000000f5b74128,0x00000000ff600000)
  to   space 227840K, 0% used [0x00000000e3900000,0x00000000e3900000,0x00000000f1780000)
 ParOldGen       total 731136K, used 671217K [0x0000000080000000, 0x00000000aca00000, 0x00000000d5580000)
  object space 731136K, 91% used [0x0000000080000000,0x00000000a8f7c4d0,0x00000000aca00000)
 Metaspace       used 6624K, capacity 7320K, committed 7680K, reserved 1056768K
  class space    used 620K, capacity 656K, committed 768K, reserved 1048576K
}
Event: 31,564 GC heap before
{Heap before GC invocations=25 (full 5):
 PSYoungGen      total 455680K, used 64464K [0x00000000d5580000, 0x00000000ff600000, 0x0000000100000000)
  eden space 232960K, 0% used [0x00000000d5580000,0x00000000d5580000,0x00000000e3900000)
  from space 222720K, 28% used [0x00000000f1c80000,0x00000000f5b74128,0x00000000ff600000)
  to   space 227840K, 0% used [0x00000000e3900000,0x00000000e3900000,0x00000000f1780000)
 ParOldGen       total 731136K, used 671217K [0x0000000080000000, 0x00000000aca00000, 0x00000000d5580000)
  object space 731136K, 91% used [0x0000000080000000,0x00000000a8f7c4d0,0x00000000aca00000)
 Metaspace       used 6624K, capacity 7320K, committed 7680K, reserved 1056768K
  class space    used 620K, capacity 656K, committed 768K, reserved 1048576K

