# JRE version: Java(TM) SE Runtime Environment (8.0_72-b15) (build 1.8.0_72-b15)
# Java VM: Java HotSpot(TM) 64-Bit Server VM (25.72-b15 mixed mode linux-amd64 compressed oops)
Heap:
 PSYoungGen      total 465920K, used 13944K [0x00000000d5580000, 0x0000000100000000, 0x0000000100000000)
  eden space 232960K, 0% used [0x00000000d5580000,0x00000000d5580000,0x00000000e3900000)
  from space 232960K, 5% used [0x00000000f1c80000,0x00000000f2a1e0d0,0x0000000100000000)
  to   space 232960K, 0% used [0x00000000e3900000,0x00000000e3900000,0x00000000f1c80000)
 ParOldGen       total 793600K, used 793215K [0x0000000080000000, 0x00000000b0700000, 0x00000000d5580000)
  object space 793600K, 99% used [0x0000000080000000,0x00000000b069fed0,0x00000000b0700000)
 Metaspace       used 6763K, capacity 7448K, committed 7680K, reserved 1056768K
  class space    used 627K, capacity 656K, committed 768K, reserved 1048576K
GC Heap History (10 events):
Event: 25,449 GC heap after
Heap after GC invocations=22 (full 4):
 PSYoungGen      total 491008K, used 112200K [0x00000000d5580000, 0x00000000ffc80000, 0x0000000100000000)
  eden space 293888K, 0% used [0x00000000d5580000,0x00000000d5580000,0x00000000e7480000)
  from space 197120K, 56% used [0x00000000f3c00000,0x00000000fa992018,0x00000000ffc80000)
  to   space 200704K, 0% used [0x00000000e7480000,0x00000000e7480000,0x00000000f3880000)
 ParOldGen       total 793600K, used 546170K [0x0000000080000000, 0x00000000b0700000, 0x00000000d5580000)
  object space 793600K, 68% used [0x0000000080000000,0x00000000a155e9a0,0x00000000b0700000)
 Metaspace       used 6626K, capacity 7320K, committed 7680K, reserved 1056768K
  class space    used 619K, capacity 656K, committed 768K, reserved 1048576K
}
Event: 26,258 GC heap before
{Heap before GC invocations=23 (full 4):
 PSYoungGen      total 491008K, used 406088K [0x00000000d5580000, 0x00000000ffc80000, 0x0000000100000000)
  eden space 293888K, 100% used [0x00000000d5580000,0x00000000e7480000,0x00000000e7480000)
  from space 197120K, 56% used [0x00000000f3c00000,0x00000000fa992018,0x00000000ffc80000)
  to   space 200704K, 0% used [0x00000000e7480000,0x00000000e7480000,0x00000000f3880000)
 ParOldGen       total 793600K, used 546170K [0x0000000080000000, 0x00000000b0700000, 0x00000000d5580000)
  object space 793600K, 68% used [0x0000000080000000,0x00000000a155e9a0,0x00000000b0700000)
 Metaspace       used 6628K, capacity 7320K, committed 7680K, reserved 1056768K
  class space    used 619K, capacity 656K, committed 768K, reserved 1048576K
Event: 26,398 GC heap after
Heap after GC invocations=23 (full 4):
 PSYoungGen      total 450048K, used 155810K [0x00000000d5580000, 0x0000000100000000, 0x0000000100000000)
  eden space 293888K, 0% used [0x00000000d5580000,0x00000000d5580000,0x00000000e7480000)
  from space 156160K, 99% used [0x00000000e7480000,0x00000000f0ca8910,0x00000000f0d00000)
  to   space 216576K, 0% used [0x00000000f2c80000,0x00000000f2c80000,0x0000000100000000)
 ParOldGen       total 793600K, used 546170K [0x0000000080000000, 0x00000000b0700000, 0x00000000d5580000)
  object space 793600K, 68% used [0x0000000080000000,0x00000000a155e9a0,0x00000000b0700000)
 Metaspace       used 6628K, capacity 7320K, committed 7680K, reserved 1056768K
  class space    used 619K, capacity 656K, committed 768K, reserved 1048576K
}
Event: 27,449 GC heap before
{Heap before GC invocations=24 (full 4):
 PSYoungGen      total 450048K, used 449698K [0x00000000d5580000, 0x0000000100000000, 0x0000000100000000)
  eden space 293888K, 100% used [0x00000000d5580000,0x00000000e7480000,0x00000000e7480000)
  from space 156160K, 99% used [0x00000000e7480000,0x00000000f0ca8910,0x00000000f0d00000)
  to   space 216576K, 0% used [0x00000000f2c80000,0x00000000f2c80000,0x0000000100000000)
 ParOldGen       total 793600K, used 546170K [0x0000000080000000, 0x00000000b0700000, 0x00000000d5580000)
  object space 793600K, 68% used [0x0000000080000000,0x00000000a155e9a0,0x00000000b0700000)
 Metaspace       used 6718K, capacity 7384K, committed 7680K, reserved 1056768K
  class space    used 625K, capacity 656K, committed 768K, reserved 1048576K
Event: 27,689 GC heap after
Heap after GC invocations=24 (full 4):
 PSYoungGen      total 449536K, used 199361K [0x00000000d5580000, 0x0000000100000000, 0x0000000100000000)
  eden space 232960K, 0% used [0x00000000d5580000,0x00000000d5580000,0x00000000e3900000)
  from space 216576K, 92% used [0x00000000f2c80000,0x00000000fef30648,0x0000000100000000)
  to   space 232960K, 0% used [0x00000000e3900000,0x00000000e3900000,0x00000000f1c80000)
 ParOldGen       total 793600K, used 546170K [0x0000000080000000, 0x00000000b0700000, 0x00000000d5580000)
  object space 793600K, 68% used [0x0000000080000000,0x00000000a155e9a0,0x00000000b0700000)
 Metaspace       used 6718K, capacity 7384K, committed 7680K, reserved 1056768K
  class space    used 625K, capacity 656K, committed 768K, reserved 1048576K
}
Event: 28,466 GC heap before
{Heap before GC invocations=25 (full 4):
 PSYoungGen      total 449536K, used 432321K [0x00000000d5580000, 0x0000000100000000, 0x0000000100000000)
  eden space 232960K, 100% used [0x00000000d5580000,0x00000000e3900000,0x00000000e3900000)
  from space 216576K, 92% used [0x00000000f2c80000,0x00000000fef30648,0x0000000100000000)
  to   space 232960K, 0% used [0x00000000e3900000,0x00000000e3900000,0x00000000f1c80000)
 ParOldGen       total 793600K, used 546170K [0x0000000080000000, 0x00000000b0700000, 0x00000000d5580000)
  object space 793600K, 68% used [0x0000000080000000,0x00000000a155e9a0,0x00000000b0700000)
 Metaspace       used 6763K, capacity 7448K, committed 7680K, reserved 1056768K
  class space    used 627K, capacity 656K, committed 768K, reserved 1048576K
Event: 28,746 GC heap after
Heap after GC invocations=25 (full 4):
 PSYoungGen      total 465920K, used 158625K [0x00000000d5580000, 0x0000000100000000, 0x0000000100000000)
  eden space 232960K, 0% used [0x00000000d5580000,0x00000000d5580000,0x00000000e3900000)
  from space 232960K, 68% used [0x00000000e3900000,0x00000000ed3e86c0,0x00000000f1c80000)
  to   space 232960K, 0% used [0x00000000f1c80000,0x00000000f1c80000,0x0000000100000000)
 ParOldGen       total 793600K, used 622097K [0x0000000080000000, 0x00000000b0700000, 0x00000000d5580000)
  object space 793600K, 78% used [0x0000000080000000,0x00000000a5f84598,0x00000000b0700000)
 Metaspace       used 6763K, capacity 7448K, committed 7680K, reserved 1056768K
  class space    used 627K, capacity 656K, committed 768K, reserved 1048576K
}
Event: 29,674 GC heap before
{Heap before GC invocations=26 (full 4):
 PSYoungGen      total 465920K, used 391585K [0x00000000d5580000, 0x0000000100000000, 0x0000000100000000)
  eden space 232960K, 100% used [0x00000000d5580000,0x00000000e3900000,0x00000000e3900000)
  from space 232960K, 68% used [0x00000000e3900000,0x00000000ed3e86c0,0x00000000f1c80000)
  to   space 232960K, 0% used [0x00000000f1c80000,0x00000000f1c80000,0x0000000100000000)
 ParOldGen       total 793600K, used 622097K [0x0000000080000000, 0x00000000b0700000, 0x00000000d5580000)
  object space 793600K, 78% used [0x0000000080000000,0x00000000a5f84598,0x00000000b0700000)
 Metaspace       used 6763K, capacity 7448K, committed 7680K, reserved 1056768K
  class space    used 627K, capacity 656K, committed 768K, reserved 1048576K
Event: 29,928 GC heap after
Heap after GC invocations=26 (full 4):
 PSYoungGen      total 465920K, used 116531K [0x00000000d5580000, 0x0000000100000000, 0x0000000100000000)
  eden space 232960K, 0% used [0x00000000d5580000,0x00000000d5580000,0x00000000e3900000)
  from space 232960K, 50% used [0x00000000f1c80000,0x00000000f8e4ce98,0x0000000100000000)
  to   space 232960K, 0% used [0x00000000e3900000,0x00000000e3900000,0x00000000f1c80000)
 ParOldGen       total 793600K, used 699171K [0x0000000080000000, 0x00000000b0700000, 0x00000000d5580000)
  object space 793600K, 88% used [0x0000000080000000,0x00000000aaac8d70,0x00000000b0700000)
 Metaspace       used 6763K, capacity 7448K, committed 7680K, reserved 1056768K
  class space    used 627K, capacity 656K, committed 768K, reserved 1048576K
}
Event: 29,929 GC heap before
{Heap before GC invocations=27 (full 5):
 PSYoungGen      total 465920K, used 116531K [0x00000000d5580000, 0x0000000100000000, 0x0000000100000000)
  eden space 232960K, 0% used [0x00000000d5580000,0x00000000d5580000,0x00000000e3900000)
  from space 232960K, 50% used [0x00000000f1c80000,0x00000000f8e4ce98,0x0000000100000000)
  to   space 232960K, 0% used [0x00000000e3900000,0x00000000e3900000,0x00000000f1c80000)
 ParOldGen       total 793600K, used 699171K [0x0000000080000000, 0x00000000b0700000, 0x00000000d5580000)
  object space 793600K, 88% used [0x0000000080000000,0x00000000aaac8d70,0x00000000b0700000)
 Metaspace       used 6763K, capacity 7448K, committed 7680K, reserved 1056768K
  class space    used 627K, capacity 656K, committed 768K, reserved 1048576K

