# JRE version: Java(TM) SE Runtime Environment (8.0_72-b15) (build 1.8.0_72-b15)
# Java VM: Java HotSpot(TM) 64-Bit Server VM (25.72-b15 mixed mode linux-amd64 compressed oops)
Heap:
 PSYoungGen      total 337920K, used 10961K [0x00000000d5580000, 0x00000000ff580000, 0x0000000100000000)
  eden space 232960K, 0% used [0x00000000d5580000,0x00000000d5580000,0x00000000e3900000)
  from space 104960K, 10% used [0x00000000e3900000,0x00000000e43b4480,0x00000000e9f80000)
  to   space 226304K, 0% used [0x00000000f1880000,0x00000000f1880000,0x00000000ff580000)
 ParOldGen       total 747008K, used 746694K [0x0000000080000000, 0x00000000ad980000, 0x00000000d5580000)
  object space 747008K, 99% used [0x0000000080000000,0x00000000ad931a00,0x00000000ad980000)
 Metaspace       used 6764K, capacity 7448K, committed 7680K, reserved 1056768K
  class space    used 627K, capacity 656K, committed 768K, reserved 1048576K
GC Heap History (10 events):
Event: 27,821 GC heap after
Heap after GC invocations=21 (full 4):
 PSYoungGen      total 463872K, used 148970K [0x00000000d5580000, 0x0000000100000000, 0x0000000100000000)
  eden space 314880K, 0% used [0x00000000d5580000,0x00000000d5580000,0x00000000e8900000)
  from space 148992K, 99% used [0x00000000e8900000,0x00000000f1a7aa68,0x00000000f1a80000)
  to   space 207360K, 0% used [0x00000000f3580000,0x00000000f3580000,0x0000000100000000)
 ParOldGen       total 747008K, used 481214K [0x0000000080000000, 0x00000000ad980000, 0x00000000d5580000)
  object space 747008K, 64% used [0x0000000080000000,0x000000009d5efa68,0x00000000ad980000)
 Metaspace       used 6634K, capacity 7320K, committed 7680K, reserved 1056768K
  class space    used 619K, capacity 656K, committed 768K, reserved 1048576K
}
Event: 28,713 GC heap before
{Heap before GC invocations=22 (full 4):
 PSYoungGen      total 463872K, used 463850K [0x00000000d5580000, 0x0000000100000000, 0x0000000100000000)
  eden space 314880K, 100% used [0x00000000d5580000,0x00000000e8900000,0x00000000e8900000)
  from space 148992K, 99% used [0x00000000e8900000,0x00000000f1a7aa68,0x00000000f1a80000)
  to   space 207360K, 0% used [0x00000000f3580000,0x00000000f3580000,0x0000000100000000)
 ParOldGen       total 747008K, used 481214K [0x0000000080000000, 0x00000000ad980000, 0x00000000d5580000)
  object space 747008K, 64% used [0x0000000080000000,0x000000009d5efa68,0x00000000ad980000)
 Metaspace       used 6634K, capacity 7320K, committed 7680K, reserved 1056768K
  class space    used 619K, capacity 656K, committed 768K, reserved 1048576K
Event: 28,953 GC heap after
Heap after GC invocations=22 (full 4):
 PSYoungGen      total 440320K, used 187467K [0x00000000d5580000, 0x0000000100000000, 0x0000000100000000)
  eden space 232960K, 0% used [0x00000000d5580000,0x00000000d5580000,0x00000000e3900000)
  from space 207360K, 90% used [0x00000000f3580000,0x00000000fec92e28,0x0000000100000000)
  to   space 232960K, 0% used [0x00000000e3900000,0x00000000e3900000,0x00000000f1c80000)
 ParOldGen       total 747008K, used 481214K [0x0000000080000000, 0x00000000ad980000, 0x00000000d5580000)
  object space 747008K, 64% used [0x0000000080000000,0x000000009d5efa68,0x00000000ad980000)
 Metaspace       used 6634K, capacity 7320K, committed 7680K, reserved 1056768K
  class space    used 619K, capacity 656K, committed 768K, reserved 1048576K
}
Event: 29,711 GC heap before
{Heap before GC invocations=23 (full 4):
 PSYoungGen      total 440320K, used 420427K [0x00000000d5580000, 0x0000000100000000, 0x0000000100000000)
  eden space 232960K, 100% used [0x00000000d5580000,0x00000000e3900000,0x00000000e3900000)
  from space 207360K, 90% used [0x00000000f3580000,0x00000000fec92e28,0x0000000100000000)
  to   space 232960K, 0% used [0x00000000e3900000,0x00000000e3900000,0x00000000f1c80000)
 ParOldGen       total 747008K, used 481214K [0x0000000080000000, 0x00000000ad980000, 0x00000000d5580000)
  object space 747008K, 64% used [0x0000000080000000,0x000000009d5efa68,0x00000000ad980000)
 Metaspace       used 6634K, capacity 7320K, committed 7680K, reserved 1056768K
  class space    used 619K, capacity 656K, committed 768K, reserved 1048576K
Event: 30,072 GC heap after
Heap after GC invocations=23 (full 4):
 PSYoungGen      total 465920K, used 120948K [0x00000000d5580000, 0x0000000100000000, 0x0000000100000000)
  eden space 232960K, 0% used [0x00000000d5580000,0x00000000d5580000,0x00000000e3900000)
  from space 232960K, 51% used [0x00000000e3900000,0x00000000eaf1d240,0x00000000f1c80000)
  to   space 230400K, 0% used [0x00000000f1f00000,0x00000000f1f00000,0x0000000100000000)
 ParOldGen       total 747008K, used 581102K [0x0000000080000000, 0x00000000ad980000, 0x00000000d5580000)
  object space 747008K, 77% used [0x0000000080000000,0x00000000a377b9f8,0x00000000ad980000)
 Metaspace       used 6634K, capacity 7320K, committed 7680K, reserved 1056768K
  class space    used 619K, capacity 656K, committed 768K, reserved 1048576K
}
Event: 30,702 GC heap before
{Heap before GC invocations=24 (full 4):
 PSYoungGen      total 465920K, used 353908K [0x00000000d5580000, 0x0000000100000000, 0x0000000100000000)
  eden space 232960K, 100% used [0x00000000d5580000,0x00000000e3900000,0x00000000e3900000)
  from space 232960K, 51% used [0x00000000e3900000,0x00000000eaf1d240,0x00000000f1c80000)
  to   space 230400K, 0% used [0x00000000f1f00000,0x00000000f1f00000,0x0000000100000000)
 ParOldGen       total 747008K, used 581102K [0x0000000080000000, 0x00000000ad980000, 0x00000000d5580000)
  object space 747008K, 77% used [0x0000000080000000,0x00000000a377b9f8,0x00000000ad980000)
 Metaspace       used 6655K, capacity 7384K, committed 7680K, reserved 1056768K
  class space    used 621K, capacity 656K, committed 768K, reserved 1048576K
Event: 30,889 GC heap after
Heap after GC invocations=24 (full 4):
 PSYoungGen      total 463360K, used 155300K [0x00000000d5580000, 0x0000000100000000, 0x0000000100000000)
  eden space 232960K, 0% used [0x00000000d5580000,0x00000000d5580000,0x00000000e3900000)
  from space 230400K, 67% used [0x00000000f1f00000,0x00000000fb6a9310,0x0000000100000000)
  to   space 232960K, 0% used [0x00000000e3900000,0x00000000e3900000,0x00000000f1c80000)
 ParOldGen       total 747008K, used 581102K [0x0000000080000000, 0x00000000ad980000, 0x00000000d5580000)
  object space 747008K, 77% used [0x0000000080000000,0x00000000a377b9f8,0x00000000ad980000)
 Metaspace       used 6655K, capacity 7384K, committed 7680K, reserved 1056768K
  class space    used 621K, capacity 656K, committed 768K, reserved 1048576K
}
Event: 31,785 GC heap before
{Heap before GC invocations=25 (full 4):
 PSYoungGen      total 463360K, used 388260K [0x00000000d5580000, 0x0000000100000000, 0x0000000100000000)
  eden space 232960K, 100% used [0x00000000d5580000,0x00000000e3900000,0x00000000e3900000)
  from space 230400K, 67% used [0x00000000f1f00000,0x00000000fb6a9310,0x0000000100000000)
  to   space 232960K, 0% used [0x00000000e3900000,0x00000000e3900000,0x00000000f1c80000)
 ParOldGen       total 747008K, used 581102K [0x0000000080000000, 0x00000000ad980000, 0x00000000d5580000)
  object space 747008K, 77% used [0x0000000080000000,0x00000000a377b9f8,0x00000000ad980000)
 Metaspace       used 6764K, capacity 7448K, committed 7680K, reserved 1056768K
  class space    used 627K, capacity 656K, committed 768K, reserved 1048576K
Event: 32,245 GC heap after
Heap after GC invocations=25 (full 4):
 PSYoungGen      total 337920K, used 104514K [0x00000000d5580000, 0x00000000ff580000, 0x0000000100000000)
  eden space 232960K, 0% used [0x00000000d5580000,0x00000000d5580000,0x00000000e3900000)
  from space 104960K, 99% used [0x00000000e3900000,0x00000000e9f109c0,0x00000000e9f80000)
  to   space 226304K, 0% used [0x00000000f1880000,0x00000000f1880000,0x00000000ff580000)
 ParOldGen       total 747008K, used 666316K [0x0000000080000000, 0x00000000ad980000, 0x00000000d5580000)
  object space 747008K, 89% used [0x0000000080000000,0x00000000a8ab31b8,0x00000000ad980000)
 Metaspace       used 6764K, capacity 7448K, committed 7680K, reserved 1056768K
  class space    used 627K, capacity 656K, committed 768K, reserved 1048576K
}
Event: 32,245 GC heap before
{Heap before GC invocations=26 (full 5):
 PSYoungGen      total 337920K, used 104514K [0x00000000d5580000, 0x00000000ff580000, 0x0000000100000000)
  eden space 232960K, 0% used [0x00000000d5580000,0x00000000d5580000,0x00000000e3900000)
  from space 104960K, 99% used [0x00000000e3900000,0x00000000e9f109c0,0x00000000e9f80000)
  to   space 226304K, 0% used [0x00000000f1880000,0x00000000f1880000,0x00000000ff580000)
 ParOldGen       total 747008K, used 666316K [0x0000000080000000, 0x00000000ad980000, 0x00000000d5580000)
  object space 747008K, 89% used [0x0000000080000000,0x00000000a8ab31b8,0x00000000ad980000)
 Metaspace       used 6764K, capacity 7448K, committed 7680K, reserved 1056768K
  class space    used 627K, capacity 656K, committed 768K, reserved 1048576K

